Array
(
    [phone] => 22220936888668
    [contact] => Array
        (
            [id] => 48131
            [email] => innetiad5@gmail.com
            [first_name] => Serhii.Test3
            [last_name] => 
            [phone] => 380936888668
            [orgname] => 
            [tags] => test_test, fh_figure_go
            [ip4] => 127.0.0.1
            [fields] => Array
                (
                    [open_email_status] => ||Active||
                )

        )

    [seriesid] => 161
)
Array
(
    [phone] => 22220968876888
    [contact] => Array
        (
            [id] => 48131
            [email] => innetiad5@gmail.com
            [first_name] => Serhii.Test3
            [last_name] => 
            [phone] => 380936888668
            [orgname] => 
            [tags] => test_test, fh_figure_go
            [ip4] => 127.0.0.1
            [fields] => Array
                (
                    [open_email_status] => ||Active||
                )

        )

    [seriesid] => 161
)
Array
(
    [contact] => Array
        (
            [id] => 48137
            [email] => inneti.ad@gmail.com
            [first_name] => Serhii
            [last_name] => Inneti
            [phone] => 0968876888
            [orgname] => 
            [tags] => test_test
            [ip4] => 0.0.0.0
            [fields] => Array
                (
                    [moneyplus1] => 
                    [open_email_status] => ||Active||
                    [test_field] => 
                )

        )

    [seriesid] => 161
)
Array
(
    [inn] => 1212
    [contact] => Array
        (
            [id] => 48137
            [email] => inneti.ad@gmail.com
            [first_name] => Serhii
            [last_name] => Inneti
            [phone] => 0968876888
            [orgname] => 
            [tags] => test_test
            [ip4] => 0.0.0.0
            [fields] => Array
                (
                    [moneyplus1] => 
                    [open_email_status] => ||Active||
                    [test_field] => 
                )

        )

    [seriesid] => 161
)
Array
(
    [contact] => Array
        (
            [id] => 48137
            [email] => innetiad5@gmail.com
            [first_name] => Serhii
            [last_name] => Inneti
            [phone] => 0968876888
            [orgname] => 
            [tags] => test_test
            [ip4] => 0.0.0.0
            [fields] => Array
                (
                    [moneyplus1] => 
                    [open_email_status] => ||Active||
                    [test_field] => 
                )

        )

    [seriesid] => 161
)
Array
(
    [inn] => 1212
    [contact] => Array
        (
            [id] => 48137
            [email] => innetiad5@gmail.com
            [first_name] => Serhii
            [last_name] => Inneti
            [phone] => 0968876888
            [orgname] => 
            [tags] => test_test
            [ip4] => 0.0.0.0
            [fields] => Array
                (
                    [moneyplus1] => 
                    [open_email_status] => ||Active||
                    [test_field] => 
                )

        )

    [seriesid] => 161
)
Array
(
    [phone] => 22220936888668
    [contact] => Array
        (
            [id] => 48131
            [email] => innetiad5@gmail.com
            [first_name] => Serhii.Test3
            [last_name] => 
            [phone] => 380936888668
            [orgname] => 
            [tags] => test_test, fh_figure_go
            [ip4] => 127.0.0.1
            [fields] => Array
                (
                    [open_email_status] => ||Active||
                )

        )

    [seriesid] => 161
)
Array
(
    [phone] => 22220936888668
    [contact] => Array
        (
            [id] => 48131
            [email] => innetiad5@gmail.com
            [first_name] => Serhii.Test3
            [last_name] => 
            [phone] => 380936888668
            [orgname] => 
            [tags] => test_test, fh_figure_go
            [ip4] => 127.0.0.1
            [fields] => Array
                (
                    [open_email_status] => ||Active||
                )

        )

    [seriesid] => 161
)
Array
(
    [contact] => Array
        (
            [id] => 48131
            [email] => innetiad6@gmail.com
            [first_name] => Serhii.Test3
            [last_name] => 
            [phone] => 380936888668
            [orgname] => 
            [tags] => test_test, fh_figure_go
            [ip4] => 127.0.0.1
            [fields] => Array
                (
                    [moneyplus1] => 12
                    [open_email_status] => ||Active||
                    [test_field] => test_filed
                )

        )

    [seriesid] => 161
)

2019-01-27 13:11:23
Array
(
    [inn] => 1212
    [contact] => Array
        (
            [id] => 48131
            [email] => innetiad6@gmail.com
            [first_name] => Serhii.Test3
            [last_name] => 
            [phone] => 380936888668
            [orgname] => 
            [tags] => test_test, fh_figure_go
            [ip4] => 127.0.0.1
            [fields] => Array
                (
                    [moneyplus1] => 12
                    [open_email_status] => ||Active||
                    [test_field] => test_filed
                )

        )

    [seriesid] => 161
)

2019-01-27 13:17:19
Array
(
)

2019-01-27 13:17:31
Array
(
)

2019-01-27 14:16:29
Array
(
    [contact] => Array
        (
            [id] => 48131
            [email] => innetiad6@gmail.com
            [first_name] => Serhii.Test3
            [last_name] => 
            [phone] => 380936888668
            [orgname] => 
            [tags] => test_test, fh_figure_go
            [ip4] => 127.0.0.1
            [fields] => Array
                (
                    [moneyplus1] => 12
                    [open_email_status] => ||Active||
                    [test_field] => test_filed
                )

        )

    [seriesid] => 161
)

2019-01-27 14:17:18
Array
(
    [inn] => 1212
    [contact] => Array
        (
            [id] => 48131
            [email] => innetiad6@gmail.com
            [first_name] => Serhii.Test3
            [last_name] => 
            [phone] => 380936888668
            [orgname] => 
            [tags] => test_test, fh_figure_go
            [ip4] => 127.0.0.1
            [fields] => Array
                (
                    [moneyplus1] => 12
                    [open_email_status] => ||Active||
                    [test_field] => test_filed
                )

        )

    [seriesid] => 161
)

2019-01-27 15:07:27
Array
(
    [contact] => Array
        (
            [id] => 48131
            [email] => innetiad6@gmail.com
            [first_name] => Serhii.Test3
            [last_name] => 
            [phone] => 380936888668
            [orgname] => 
            [tags] => test_test, fh_figure_go
            [ip4] => 127.0.0.1
            [fields] => Array
                (
                    [moneyplus1] => 12
                    [open_email_status] => ||Active||
                    [test_field] => test_filed
                )

        )

    [seriesid] => 161
)

2019-01-27 15:08:00
Array
(
    [inn] => 1212
    [contact] => Array
        (
            [id] => 48131
            [email] => innetiad6@gmail.com
            [first_name] => Serhii.Test3
            [last_name] => 
            [phone] => 380936888668
            [orgname] => 
            [tags] => test_test, fh_figure_go
            [ip4] => 127.0.0.1
            [fields] => Array
                (
                    [moneyplus1] => 12
                    [open_email_status] => ||Active||
                    [test_field] => test_filed
                )

        )

    [seriesid] => 161
)

2019-01-27 15:10:24
Array
(
    [contact] => Array
        (
            [id] => 48131
            [email] => innetiad6@gmail.com
            [first_name] => Serhii.Test3
            [last_name] => 
            [phone] => 380936888668
            [orgname] => 
            [tags] => test_test, fh_figure_go
            [ip4] => 127.0.0.1
            [fields] => Array
                (
                    [moneyplus1] => 12
                    [open_email_status] => ||Active||
                    [test_field] => test_filed
                )

        )

    [seriesid] => 161
)

2019-01-27 15:11:46
Array
(
    [inn] => 1212
    [contact] => Array
        (
            [id] => 48131
            [email] => innetiad6@gmail.com
            [first_name] => Serhii.Test3
            [last_name] => 
            [phone] => 380936888668
            [orgname] => 
            [tags] => test_test, fh_figure_go
            [ip4] => 127.0.0.1
            [fields] => Array
                (
                    [moneyplus1] => 12
                    [open_email_status] => ||Active||
                    [test_field] => test_filed
                )

        )

    [seriesid] => 161
)

2019-01-27 15:16:46
Array
(
    [contact] => Array
        (
            [id] => 48131
            [email] => innetiad6@gmail.com
            [first_name] => Serhii.Test3
            [last_name] => 
            [phone] => 380936888668
            [orgname] => 
            [tags] => test_test, fh_figure_go
            [ip4] => 127.0.0.1
            [fields] => Array
                (
                    [moneyplus1] => 12
                    [open_email_status] => ||Active||
                    [test_field] => test_filed
                )

        )

    [seriesid] => 161
)

2019-01-27 15:17:14
Array
(
    [inn] => 1212
    [contact] => Array
        (
            [id] => 48131
            [email] => innetiad6@gmail.com
            [first_name] => Serhii.Test3
            [last_name] => 
            [phone] => 380936888668
            [orgname] => 
            [tags] => test_test, fh_figure_go
            [ip4] => 127.0.0.1
            [fields] => Array
                (
                    [moneyplus1] => 12
                    [open_email_status] => ||Active||
                    [test_field] => test_filed
                )

        )

    [seriesid] => 161
)

2019-01-27 16:23:00
Array
(
    [contact] => Array
        (
            [id] => 48131
            [email] => innetiad6@gmail.com
            [first_name] => Serhii.Test3
            [last_name] => 
            [phone] => 380936888668
            [orgname] => 
            [tags] => test_test, fh_figure_go
            [ip4] => 127.0.0.1
            [fields] => Array
                (
                    [moneyplus1] => 12
                    [open_email_status] => ||Active||
                    [test_field] => test_filed
                )

        )

    [seriesid] => 161
)

2019-01-27 16:23:35
Array
(
    [inn] => 1212
    [contact] => Array
        (
            [id] => 48131
            [email] => innetiad6@gmail.com
            [first_name] => Serhii.Test3
            [last_name] => 
            [phone] => 380936888668
            [orgname] => 
            [tags] => test_test, fh_figure_go
            [ip4] => 127.0.0.1
            [fields] => Array
                (
                    [moneyplus1] => 12
                    [open_email_status] => ||Active||
                    [test_field] => test_filed
                )

        )

    [seriesid] => 161
)

2019-01-27 16:25:10
Array
(
    [contact] => Array
        (
            [id] => 48131
            [email] => innetiad6@gmail.com
            [first_name] => Serhii.Test3
            [last_name] => 
            [phone] => 380936888668
            [orgname] => 
            [tags] => test_test, fh_figure_go
            [ip4] => 127.0.0.1
            [fields] => Array
                (
                    [moneyplus1] => 12
                    [open_email_status] => ||Active||
                    [test_field] => test_filed
                )

        )

    [seriesid] => 161
)

2019-01-27 16:25:43
Array
(
    [inn] => 1212
    [contact] => Array
        (
            [id] => 48131
            [email] => innetiad6@gmail.com
            [first_name] => Serhii.Test3
            [last_name] => 
            [phone] => 380936888668
            [orgname] => 
            [tags] => test_test, fh_figure_go
            [ip4] => 127.0.0.1
            [fields] => Array
                (
                    [moneyplus1] => 12
                    [open_email_status] => ||Active||
                    [test_field] => test_filed
                )

        )

    [seriesid] => 161
)

2019-01-27 17:18:02
Array
(
    [key] => 3752
    [secret] => glsfbgc
    [email] => innetiad6@gmail.com
    [first_name] => %NAME%
    [contact] => Array
        (
            [id] => 48131
            [email] => innetiad6@gmail.com
            [first_name] => Serhii.Test3
            [last_name] => 
            [phone] => 380936888668
            [orgname] => 
            [tags] => test_test, fh_figure_go
            [ip4] => 127.0.0.1
            [fields] => Array
                (
                    [moneyplus1] => 12
                    [open_email_status] => ||Active||
                    [test_field] => test_filed
                )

        )

    [seriesid] => 161
)

2019-01-27 17:22:30
Array
(
    [inn] => 1212
    [contact] => Array
        (
            [id] => 48131
            [email] => innetiad6@gmail.com
            [first_name] => Serhii.Test3
            [last_name] => 
            [phone] => 380936888668
            [orgname] => 
            [tags] => test_test, fh_figure_go
            [ip4] => 127.0.0.1
            [fields] => Array
                (
                    [moneyplus1] => 12
                    [open_email_status] => ||Active||
                    [test_field] => test_filed
                )

        )

    [seriesid] => 161
)

2019-01-27 17:24:15
Array
(
    [key] => 3752
    [secret] => glsfbgc
    [email] => innetiad6@gmail.com
    [first_name] => %NAME%
    [contact] => Array
        (
            [id] => 48131
            [email] => innetiad6@gmail.com
            [first_name] => Serhii.Test3
            [last_name] => 
            [phone] => 380936888668
            [orgname] => 
            [tags] => test_test, fh_figure_go
            [ip4] => 127.0.0.1
            [fields] => Array
                (
                    [moneyplus1] => 12
                    [open_email_status] => ||Active||
                    [test_field] => test_filed
                )

        )

    [seriesid] => 161
)

2019-01-27 17:33:19
Array
(
    [inn] => 1212
    [contact] => Array
        (
            [id] => 48131
            [email] => innetiad6@gmail.com
            [first_name] => Serhii.Test3
            [last_name] => 
            [phone] => 380936888668
            [orgname] => 
            [tags] => test_test, fh_figure_go
            [ip4] => 127.0.0.1
            [fields] => Array
                (
                    [moneyplus1] => 12
                    [open_email_status] => ||Active||
                    [test_field] => test_filed
                )

        )

    [seriesid] => 161
)

2019-01-27 17:43:52
Array
(
    [key] => 3752
    [secret] => glsfbgc
    [email] => innetiad6@gmail.com
    [first_name] => %NAME%
    [contact] => Array
        (
            [id] => 48131
            [email] => innetiad6@gmail.com
            [first_name] => Serhii.Test3
            [last_name] => 
            [phone] => 380936888668
            [orgname] => 
            [tags] => test_test, fh_figure_go
            [ip4] => 127.0.0.1
            [fields] => Array
                (
                    [moneyplus1] => 12
                    [open_email_status] => ||Active||
                    [test_field] => test_filed
                )

        )

    [seriesid] => 161
)

2019-01-27 17:44:17
Array
(
    [inn] => 1212
    [contact] => Array
        (
            [id] => 48131
            [email] => innetiad6@gmail.com
            [first_name] => Serhii.Test3
            [last_name] => 
            [phone] => 380936888668
            [orgname] => 
            [tags] => test_test, fh_figure_go
            [ip4] => 127.0.0.1
            [fields] => Array
                (
                    [moneyplus1] => 12
                    [open_email_status] => ||Active||
                    [test_field] => test_filed
                )

        )

    [seriesid] => 161
)

2019-01-27 18:29:26
Array
(
    [key] => 3752
    [secret] => glsfbgc
    [email] => innetiad5@gmail.com
    [first_name] => %NAME%
    [contact] => Array
        (
            [id] => 48137
            [email] => innetiad5@gmail.com
            [first_name] => Serhii
            [last_name] => Inneti
            [phone] => 0968876888
            [orgname] => 
            [tags] => test_test
            [ip4] => 0.0.0.0
            [fields] => Array
                (
                    [moneyplus1] => 
                    [open_email_status] => ||Active||
                    [test_field] => 
                )

        )

    [seriesid] => 161
)

2019-01-27 18:30:03
Array
(
    [inn] => 1212
    [contact] => Array
        (
            [id] => 48137
            [email] => innetiad5@gmail.com
            [first_name] => Serhii
            [last_name] => Inneti
            [phone] => 0968876888
            [orgname] => 
            [tags] => test_test
            [ip4] => 0.0.0.0
            [fields] => Array
                (
                    [moneyplus1] => 
                    [open_email_status] => ||Active||
                    [test_field] => 
                )

        )

    [seriesid] => 161
)

2019-01-27 18:32:52
Array
(
    [key] => 3752
    [secret] => glsfbgc
    [email] => innetiad5@gmail.com
    [first_name] => %NAME%
    [contact] => Array
        (
            [id] => 48137
            [email] => innetiad5@gmail.com
            [first_name] => Serhii
            [last_name] => Inneti
            [phone] => 0968876888
            [orgname] => 
            [tags] => test_test
            [ip4] => 0.0.0.0
            [fields] => Array
                (
                    [moneyplus1] => 
                    [open_email_status] => ||Active||
                    [test_field] => 
                )

        )

    [seriesid] => 161
)

2019-01-27 18:33:25
Array
(
    [inn] => 1212
    [contact] => Array
        (
            [id] => 48137
            [email] => innetiad5@gmail.com
            [first_name] => Serhii
            [last_name] => Inneti
            [phone] => 0968876888
            [orgname] => 
            [tags] => test_test
            [ip4] => 0.0.0.0
            [fields] => Array
                (
                    [moneyplus1] => 
                    [open_email_status] => ||Active||
                    [test_field] => 
                )

        )

    [seriesid] => 161
)

2019-01-27 18:49:18
Array
(
    [key] => 3752
    [secret] => glsfbgc
    [email] => innetiad5@gmail.com
    [first_name] => %NAME%
    [contact] => Array
        (
            [id] => 48137
            [email] => innetiad5@gmail.com
            [first_name] => Serhii
            [last_name] => Inneti
            [phone] => 0968876888
            [orgname] => 
            [tags] => test_test
            [ip4] => 0.0.0.0
            [fields] => Array
                (
                    [moneyplus1] => 
                    [open_email_status] => ||Active||
                    [test_field] => 
                )

        )

    [seriesid] => 161
)

2019-01-27 18:49:52
Array
(
    [inn] => 1212
    [contact] => Array
        (
            [id] => 48137
            [email] => innetiad5@gmail.com
            [first_name] => Serhii
            [last_name] => Inneti
            [phone] => 0968876888
            [orgname] => 
            [tags] => test_test
            [ip4] => 0.0.0.0
            [fields] => Array
                (
                    [moneyplus1] => 
                    [open_email_status] => ||Active||
                    [test_field] => 
                )

        )

    [seriesid] => 161
)

2019-01-27 18:50:45
Array
(
    [key] => 3752
    [secret] => glsfbgc
    [email] => innetiad5@gmail.com
    [first_name] => %NAME%
    [contact] => Array
        (
            [id] => 48137
            [email] => innetiad5@gmail.com
            [first_name] => Serhii
            [last_name] => Inneti
            [phone] => 0968876888
            [orgname] => 
            [tags] => test_test
            [ip4] => 0.0.0.0
            [fields] => Array
                (
                    [moneyplus1] => 
                    [open_email_status] => ||Active||
                    [test_field] => 
                )

        )

    [seriesid] => 161
)

2019-01-27 18:51:10
Array
(
    [inn] => 1212
    [contact] => Array
        (
            [id] => 48137
            [email] => innetiad5@gmail.com
            [first_name] => Serhii
            [last_name] => Inneti
            [phone] => 0968876888
            [orgname] => 
            [tags] => test_test
            [ip4] => 0.0.0.0
            [fields] => Array
                (
                    [moneyplus1] => 
                    [open_email_status] => ||Active||
                    [test_field] => 
                )

        )

    [seriesid] => 161
)

2019-01-27 18:52:27
Array
(
    [key] => 3752
    [secret] => glsfbgc
    [email] => innetiad5@gmail.com
    [first_name] => %NAME%
    [contact] => Array
        (
            [id] => 48137
            [email] => innetiad5@gmail.com
            [first_name] => Serhii
            [last_name] => Inneti
            [phone] => 0968876888
            [orgname] => 
            [tags] => test_test
            [ip4] => 0.0.0.0
            [fields] => Array
                (
                    [moneyplus1] => 
                    [open_email_status] => ||Active||
                    [test_field] => 
                )

        )

    [seriesid] => 161
)

2019-01-27 18:52:49
Array
(
    [inn] => 1212
    [contact] => Array
        (
            [id] => 48137
            [email] => innetiad5@gmail.com
            [first_name] => Serhii
            [last_name] => Inneti
            [phone] => 0968876888
            [orgname] => 
            [tags] => test_test
            [ip4] => 0.0.0.0
            [fields] => Array
                (
                    [moneyplus1] => 
                    [open_email_status] => ||Active||
                    [test_field] => 
                )

        )

    [seriesid] => 161
)

2019-01-27 18:54:05
Array
(
    [key] => 3752
    [secret] => glsfbgc
    [email] => innetiad5@gmail.com
    [first_name] => %NAME%
    [contact] => Array
        (
            [id] => 48137
            [email] => innetiad5@gmail.com
            [first_name] => Serhii
            [last_name] => Inneti
            [phone] => 0968876888
            [orgname] => 
            [tags] => test_test
            [ip4] => 0.0.0.0
            [fields] => Array
                (
                    [moneyplus1] => 
                    [open_email_status] => ||Active||
                    [test_field] => 
                )

        )

    [seriesid] => 161
)

2019-01-27 18:55:22
Array
(
    [inn] => 1212
    [contact] => Array
        (
            [id] => 48137
            [email] => innetiad5@gmail.com
            [first_name] => Serhii
            [last_name] => Inneti
            [phone] => 0968876888
            [orgname] => 
            [tags] => test_test
            [ip4] => 0.0.0.0
            [fields] => Array
                (
                    [moneyplus1] => 
                    [open_email_status] => ||Active||
                    [test_field] => 
                )

        )

    [seriesid] => 161
)

2019-01-27 18:56:21
Array
(
    [key] => 3752
    [secret] => glsfbgc
    [email] => innetiad5@gmail.com
    [first_name] => %NAME%
    [contact] => Array
        (
            [id] => 48137
            [email] => innetiad5@gmail.com
            [first_name] => Serhii
            [last_name] => Inneti
            [phone] => 0968876888
            [orgname] => 
            [tags] => test_test
            [ip4] => 0.0.0.0
            [fields] => Array
                (
                    [moneyplus1] => 
                    [open_email_status] => ||Active||
                    [test_field] => 
                )

        )

    [seriesid] => 161
)

2019-01-27 18:56:51
Array
(
    [inn] => 1212
    [contact] => Array
        (
            [id] => 48137
            [email] => innetiad5@gmail.com
            [first_name] => Serhii
            [last_name] => Inneti
            [phone] => 0968876888
            [orgname] => 
            [tags] => test_test
            [ip4] => 0.0.0.0
            [fields] => Array
                (
                    [moneyplus1] => 
                    [open_email_status] => ||Active||
                    [test_field] => 
                )

        )

    [seriesid] => 161
)

2019-01-27 19:02:31
Array
(
    [key] => 3752
    [secret] => glsfbgc
    [email] => innetiad5@gmail.com
    [first_name] => %NAME%
    [contact] => Array
        (
            [id] => 48137
            [email] => innetiad5@gmail.com
            [first_name] => Serhii
            [last_name] => Inneti
            [phone] => 0968876888
            [orgname] => 
            [tags] => test_test
            [ip4] => 0.0.0.0
            [fields] => Array
                (
                    [moneyplus1] => 
                    [open_email_status] => ||Active||
                    [test_field] => 
                )

        )

    [seriesid] => 161
)

2019-01-27 19:03:02
Array
(
    [inn] => 1212
    [contact] => Array
        (
            [id] => 48137
            [email] => innetiad5@gmail.com
            [first_name] => Serhii
            [last_name] => Inneti
            [phone] => 0968876888
            [orgname] => 
            [tags] => test_test
            [ip4] => 0.0.0.0
            [fields] => Array
                (
                    [moneyplus1] => 
                    [open_email_status] => ||Active||
                    [test_field] => 
                )

        )

    [seriesid] => 161
)

2019-01-27 19:59:05
Array
(
    [key] => 3752
    [secret] => glsfbgc
    [email] => innetiad5@gmail.com
    [first_name] => %NAME%
    [contact] => Array
        (
            [id] => 48137
            [email] => innetiad5@gmail.com
            [first_name] => Serhii
            [last_name] => Inneti
            [phone] => 0968876888
            [orgname] => 
            [tags] => test_test
            [ip4] => 0.0.0.0
            [fields] => Array
                (
                    [moneyplus1] => 
                    [open_email_status] => ||Active||
                    [test_field] => 
                )

        )

    [seriesid] => 161
)

2019-01-27 19:59:30
Array
(
    [inn] => 1212
    [contact] => Array
        (
            [id] => 48137
            [email] => innetiad5@gmail.com
            [first_name] => Serhii
            [last_name] => Inneti
            [phone] => 0968876888
            [orgname] => 
            [tags] => test_test
            [ip4] => 0.0.0.0
            [fields] => Array
                (
                    [moneyplus1] => 
                    [open_email_status] => ||Active||
                    [test_field] => 
                )

        )

    [seriesid] => 161
)

2019-01-27 21:58:51
Array
(
    [key] => 3752
    [secret] => glsfbgc
    [email] => innetiad5@gmail.com
    [first_name] => %NAME%
    [contact] => Array
        (
            [id] => 48137
            [email] => innetiad5@gmail.com
            [first_name] => Serhii
            [last_name] => Inneti
            [phone] => 0968876888
            [orgname] => 
            [tags] => test_test1
            [ip4] => 0.0.0.0
            [fields] => Array
                (
                    [moneyplus1] => 
                    [open_email_status] => ||Active||
                    [test_field] => 
                )

        )

    [seriesid] => 168
)

2019-01-27 21:59:36
Array
(
    [inn] => 1212
    [contact] => Array
        (
            [id] => 48137
            [email] => innetiad5@gmail.com
            [first_name] => Serhii
            [last_name] => Inneti
            [phone] => 0968876888
            [orgname] => 
            [tags] => test_test1
            [ip4] => 0.0.0.0
            [fields] => Array
                (
                    [moneyplus1] => 
                    [open_email_status] => ||Active||
                    [test_field] => 
                )

        )

    [seriesid] => 168
)

2019-01-27 22:28:56
Array
(
    [key] => 3752
    [secret] => glsfbgc
    [email] => innetiad5@gmail.com
    [first_name] => %NAME%
    [contact] => Array
        (
            [id] => 48137
            [email] => innetiad5@gmail.com
            [first_name] => Serhii
            [last_name] => Inneti
            [phone] => 0968876888
            [orgname] => 
            [tags] => test_test1
            [ip4] => 0.0.0.0
            [fields] => Array
                (
                    [moneyplus1] => 
                    [open_email_status] => ||Active||
                    [test_field] => 
                )

        )

    [seriesid] => 168
)

2019-01-27 22:29:20
Array
(
    [inn] => 1212
    [contact] => Array
        (
            [id] => 48137
            [email] => innetiad5@gmail.com
            [first_name] => Serhii
            [last_name] => Inneti
            [phone] => 0968876888
            [orgname] => 
            [tags] => test_test1
            [ip4] => 0.0.0.0
            [fields] => Array
                (
                    [moneyplus1] => 
                    [open_email_status] => ||Active||
                    [test_field] => 
                )

        )

    [seriesid] => 168
)

2019-01-28 10:34:47
Array
(
    [key] => 3752
    [secret] => glsfbgc
    [email] => innetiad5@gmail.com
    [first_name] => %NAME%
    [contact] => Array
        (
            [id] => 48137
            [email] => innetiad5@gmail.com
            [first_name] => Serhii
            [last_name] => Inneti
            [phone] => 0936888668
            [orgname] => 
            [tags] => test_test1
            [ip4] => 0.0.0.0
            [fields] => Array
                (
                    [moneyplus1] => 
                    [open_email_status] => ||Active||
                    [test_field] => 
                )

        )

    [seriesid] => 168
)

2019-01-28 10:35:13
Array
(
    [inn] => 1212
    [contact] => Array
        (
            [id] => 48137
            [email] => innetiad5@gmail.com
            [first_name] => Serhii
            [last_name] => Inneti
            [phone] => 0936888668
            [orgname] => 
            [tags] => test_test1
            [ip4] => 0.0.0.0
            [fields] => Array
                (
                    [moneyplus1] => 
                    [open_email_status] => ||Active||
                    [test_field] => 
                )

        )

    [seriesid] => 168
)

2019-01-28 11:50:43
Array
(
    [key] => 3752
    [secret] => glsfbgc
    [email] => aleks.m.roschyn@gmail.com
    [first_name] => %NAME%
    [contact] => Array
        (
            [id] => 2
            [email] => aleks.m.roschyn@gmail.com
            [first_name] => Олександр Рощин
            [last_name] => Рощин
            [phone] => 380958280236
            [orgname] => 
            [tags] => $_kurs_pr_4_lfp, $_kurs_pr_4_ub, $_kurs_pr_4_sost, $_kurs_pr_5_inv, $_kurs_pr_3, $_kurs_pr_1, $_kurs_pr_2, $_kurs_pr_0_new, $_kurs_pr_5_sotr, test_test1
            [ip4] => 0.0.0.0
            [fields] => Array
                (
                    [open_email_status] => ||Active||
                )

        )

    [seriesid] => 168
)

2019-01-28 11:58:54
Array
(
    [inn] => 1212
    [contact] => Array
        (
            [id] => 2
            [email] => aleks.m.roschyn@gmail.com
            [first_name] => Олександр Рощин
            [last_name] => Рощин
            [phone] => 380958280236
            [orgname] => 
            [tags] => $_kurs_pr_4_lfp, $_kurs_pr_4_ub, $_kurs_pr_4_sost, $_kurs_pr_5_inv, $_kurs_pr_3, $_kurs_pr_1, $_kurs_pr_2, $_kurs_pr_0_new, $_kurs_pr_5_sotr, test_test1
            [ip4] => 0.0.0.0
            [fields] => Array
                (
                    [open_email_status] => ||Active||
                )

        )

    [seriesid] => 168
)

2019-01-28 13:20:18
Array
(
    [key] => 3752
    [secret] => glsfbgc
    [email] => innetiad5@gmail.com
    [first_name] => %NAME%
    [contact] => Array
        (
            [id] => 48137
            [email] => innetiad5@gmail.com
            [first_name] => Serhii
            [last_name] => Inneti
            [phone] => 0936888668
            [orgname] => 
            [tags] => test_test1
            [ip4] => 0.0.0.0
            [fields] => Array
                (
                    [moneyplus1] => 
                    [open_email_status] => ||Active||
                    [test_field] => 
                )

        )

    [seriesid] => 168
)

2019-01-28 13:29:48
Array
(
    [inn] => 1212
    [contact] => Array
        (
            [id] => 48137
            [email] => innetiad5@gmail.com
            [first_name] => Serhii
            [last_name] => Inneti
            [phone] => 0936888668
            [orgname] => 
            [tags] => test_test1
            [ip4] => 0.0.0.0
            [fields] => Array
                (
                    [moneyplus1] => 
                    [open_email_status] => ||Active||
                    [test_field] => 
                )

        )

    [seriesid] => 168
)

2019-01-30 09:19:01
Array
(
    [key] => 3752
    [secret] => glsfbgc
    [email] => innetiad5@gmail.com
    [first_name] => %NAME%
    [contact] => Array
        (
            [id] => 48137
            [email] => innetiad5@gmail.com
            [first_name] => Serhii
            [last_name] => Inneti
            [phone] => 0936888668
            [orgname] => 
            [tags] => test_test1
            [ip4] => 0.0.0.0
            [fields] => Array
                (
                    [moneyplus1] => 
                    [open_email_status] => ||Active||
                    [test_field] => 
                )

        )

    [seriesid] => 168
)

2019-01-30 09:29:22
Array
(
    [inn] => 1212
    [contact] => Array
        (
            [id] => 48137
            [email] => innetiad5@gmail.com
            [first_name] => Serhii
            [last_name] => Inneti
            [phone] => 0936888668
            [orgname] => 
            [tags] => test_test1
            [ip4] => 0.0.0.0
            [fields] => Array
                (
                    [moneyplus1] => 
                    [open_email_status] => ||Active||
                    [test_field] => 
                )

        )

    [seriesid] => 168
)

2019-02-07 09:43:12
Array
(
    [key] => 3752
    [secret] => glsfbgc
    [email] => %EMAIL%
    [first_name] => %NAME%
)

2019-02-07 09:44:16
Array
(
    [key] => 3752
    [secret] => gls111111fbgc
    [email] => %EMAIL%
    [first_name] => %NAME%
)
















2019-02-07 09:44:42
Array
(
    [key] => 3752
    [secret] => glsfbgc
    [email] => innetiad5@gmail.com
    [first_name] => %NAME%
    [contact] => Array
        (
            [id] => 48137
            [email] => innetiad5@gmail.com
            [first_name] => Serhii
            [last_name] => Inneti
            [phone] => 0936888668
            [orgname] => 
            [tags] => test_test11
            [ip4] => 0.0.0.0
            [fields] => Array
                (
                    [moneyplus1] => 
                    [open_email_status] => ||Active||
                    [test_field] => 
                )

        )

    [seriesid] => 170
)









2)



2019-02-07 09:53:33
Array
(
    [inn] => 1212
    [contact] => Array
        (
            [id] => 48137
            [email] => innetiad5@gmail.com
            [first_name] => Serhii
            [last_name] => Inneti
            [phone] => 0936888668
            [orgname] => 
            [tags] => test_test11
            [ip4] => 0.0.0.0
            [fields] => Array
                (
                    [moneyplus1] => 
                    [open_email_status] => ||Active||
                    [test_field] => 
                )

        )

    [seriesid] => 170
)

2019-02-07 09:53:33
Array
(
    [key] => 3752
    [secret] => glsfbgc
    [email] => innetiad5@gmail.com
    [first_name] => %NAME%
    [contact] => Array
        (
            [id] => 48137
            [email] => innetiad5@gmail.com
            [first_name] => Serhii
            [last_name] => Inneti
            [phone] => 0936888668
            [orgname] => 
            [tags] => test_test11
            [ip4] => 0.0.0.0
            [fields] => Array
                (
                    [moneyplus1] => 
                    [open_email_status] => ||Active||
                    [test_field] => 
                )

        )

    [seriesid] => 170
)

2019-02-07 09:53:33
Array
(
    [key] => 3752
    [secret] => glsfbgc
    [email] => innetiad5@gmail.com
    [contact] => Array
        (
            [id] => 48137
            [email] => innetiad5@gmail.com
            [first_name] => Serhii
            [last_name] => Inneti
            [phone] => 0936888668
            [orgname] => 
            [tags] => test_test11
            [ip4] => 0.0.0.0
            [fields] => Array
                (
                    [moneyplus1] => 
                    [open_email_status] => ||Active||
                    [test_field] => 
                )

        )

    [seriesid] => 170
)

2019-02-07 09:53:33
Array
(
    [key] => 3752
    [secret] => glsfbgc
    [first_name] => %NAME%
    [contact] => Array
        (
            [id] => 48137
            [email] => innetiad5@gmail.com
            [first_name] => Serhii
            [last_name] => Inneti
            [phone] => 0936888668
            [orgname] => 
            [tags] => test_test11
            [ip4] => 0.0.0.0
            [fields] => Array
                (
                    [moneyplus1] => 
                    [open_email_status] => ||Active||
                    [test_field] => 
                )

        )

    [seriesid] => 170
)

2019-02-07 15:59:36
Array
(
    [sms] => test_sms01
    [phone] => 0667627531
    [inneti3] => inneti3
    [email] => innetiad5@gmail.com
    [contact] => Array
        (
            [id] => 48137
            [email] => innetiad5@gmail.com
            [first_name] => Serhii
            [last_name] => Inneti
            [phone] => 0936888668
            [orgname] => 
            [tags] => test_test1sms, test_test1smsfop
            [ip4] => 0.0.0.0
            [fields] => Array
                (
                    [moneyplus1] => 
                    [open_email_status] => ||Active||
                    [test_field] => 
                )

        )

    [seriesid] => 173
)

2019-02-07 15:59:36
Array
(
    [sms] => test_sms02
    [phone] => 0667627531
    [inneti3] => inneti3
    [first_name] => n1
    [autophone] => 0936888668
    [contact] => Array
        (
            [id] => 48137
            [email] => innetiad5@gmail.com
            [first_name] => Serhii
            [last_name] => Inneti
            [phone] => 0936888668
            [orgname] => 
            [tags] => test_test1sms, test_test1smsfop
            [ip4] => 0.0.0.0
            [fields] => Array
                (
                    [moneyplus1] => 
                    [open_email_status] => ||Active||
                    [test_field] => 
                )

        )

    [seriesid] => 173
)

2019-02-07 15:59:36
Array
(
    [sms] => test_sms03
    [phone] => 0667627531
    [inneti3] => inneti3
    [autophone] => 0936888668
    [email] => innetiad5@gmail.com
    [first_name] => n2
    [contact] => Array
        (
            [id] => 48137
            [email] => innetiad5@gmail.com
            [first_name] => Serhii
            [last_name] => Inneti
            [phone] => 0936888668
            [orgname] => 
            [tags] => test_test1sms, test_test1smsfop
            [ip4] => 0.0.0.0
            [fields] => Array
                (
                    [moneyplus1] => 
                    [open_email_status] => ||Active||
                    [test_field] => 
                )

        )

    [seriesid] => 173
)

2019-02-07 16:02:36
Array
(
    [sms] => test_sms01
    [phone] => 0667627531
    [inneti3] => inneti3
    [email] => innetiad5@gmail.com
    [contact] => Array
        (
            [id] => 48137
            [email] => innetiad5@gmail.com
            [first_name] => Serhii
            [last_name] => Inneti
            [phone] => 0936888668
            [orgname] => 
            [tags] => test_test1sms, test_test1smsfop
            [ip4] => 0.0.0.0
            [fields] => Array
                (
                    [moneyplus1] => 
                    [open_email_status] => ||Active||
                    [test_field] => 
                )

        )

    [seriesid] => 173
)

2019-02-07 16:02:36
Array
(
    [sms] => test_sms02
    [phone] => 0667627531
    [inneti3] => inneti3
    [first_name] => %NAME%
    [autophone] => 0936888668
    [contact] => Array
        (
            [id] => 48137
            [email] => innetiad5@gmail.com
            [first_name] => Serhii
            [last_name] => Inneti
            [phone] => 0936888668
            [orgname] => 
            [tags] => test_test1sms, test_test1smsfop
            [ip4] => 0.0.0.0
            [fields] => Array
                (
                    [moneyplus1] => 
                    [open_email_status] => ||Active||
                    [test_field] => 
                )

        )

    [seriesid] => 173
)

2019-02-07 16:02:37
Array
(
    [sms] => test_sms03
    [phone] => 0667627531
    [inneti3] => inneti3
    [autophone] => 0936888668
    [email] => innetiad5@gmail.com
    [first_name] => n2
    [contact] => Array
        (
            [id] => 48137
            [email] => innetiad5@gmail.com
            [first_name] => Serhii
            [last_name] => Inneti
            [phone] => 0936888668
            [orgname] => 
            [tags] => test_test1sms, test_test1smsfop
            [ip4] => 0.0.0.0
            [fields] => Array
                (
                    [moneyplus1] => 
                    [open_email_status] => ||Active||
                    [test_field] => 
                )

        )

    [seriesid] => 173
)

2019-02-07 16:08:38
Array
(
    [sms] => test_sms12
    [phone] => 0667627531
    [inneti3] => inneti3
    [autophone] => 0936888668
    [email] => innetiad5@gmail.com
    [contact] => Array
        (
            [id] => 48137
            [email] => innetiad5@gmail.com
            [first_name] => Serhii
            [last_name] => Inneti
            [phone] => 0936888668
            [orgname] => 
            [tags] => test_test1smsfop
            [ip4] => 0.0.0.0
            [fields] => Array
                (
                    [moneyplus1] => 
                    [open_email_status] => ||Active||
                    [test_field] => 
                )

        )

    [seriesid] => 173
)

2019-02-07 16:08:38
Array
(
    [sms] => test_sms11
    [phone] => 0667627531
    [inneti3] => inneti3
    [autophone] => 0936888668
    [email] => innetiad5@gmail.com
    [first_name] => n3
    [contact] => Array
        (
            [id] => 48137
            [email] => innetiad5@gmail.com
            [first_name] => Serhii
            [last_name] => Inneti
            [phone] => 0936888668
            [orgname] => 
            [tags] => test_test1smsfop
            [ip4] => 0.0.0.0
            [fields] => Array
                (
                    [moneyplus1] => 
                    [open_email_status] => ||Active||
                    [test_field] => 
                )

        )

    [seriesid] => 173
)

2019-02-07 16:08:38
Array
(
    [sms] => test_sms13
    [phone] => 0667627531
    [inneti3] => inneti3
    [autophone] => 0936888668
    [first_name] => %NAME%
    [contact] => Array
        (
            [id] => 48137
            [email] => innetiad5@gmail.com
            [first_name] => Serhii
            [last_name] => Inneti
            [phone] => 0936888668
            [orgname] => 
            [tags] => test_test1smsfop
            [ip4] => 0.0.0.0
            [fields] => Array
                (
                    [moneyplus1] => 
                    [open_email_status] => ||Active||
                    [test_field] => 
                )

        )

    [seriesid] => 173
)

2019-02-07 16:08:38
Array
(
    [sms] => test_sms14
    [phone] => 0667627531
    [inneti3] => inneti3
    [autophone] => 0936888668
    [first_name] => qqq
    [contact] => Array
        (
            [id] => 48137
            [email] => innetiad5@gmail.com
            [first_name] => Serhii
            [last_name] => Inneti
            [phone] => 0936888668
            [orgname] => 
            [tags] => test_test1smsfop
            [ip4] => 0.0.0.0
            [fields] => Array
                (
                    [moneyplus1] => 
                    [open_email_status] => ||Active||
                    [test_field] => 
                )

        )

    [seriesid] => 173
)

2019-02-07 16:08:39
Array
(
    [sms] => test_sms12
    [phone] => 0667627531
    [inneti3] => inneti3
    [autophone] => 0936888668
    [email] => innetiad5@gmail.com
    [contact] => Array
        (
            [id] => 48137
            [email] => innetiad5@gmail.com
            [first_name] => Serhii
            [last_name] => Inneti
            [phone] => 0936888668
            [orgname] => 
            [tags] => 
            [ip4] => 0.0.0.0
            [fields] => Array
                (
                    [moneyplus1] => 
                    [open_email_status] => ||Active||
                    [test_field] => 
                )

        )

    [seriesid] => 173
)

2019-02-07 16:08:39
Array
(
    [sms] => test_sms11
    [phone] => 0667627531
    [inneti3] => inneti3
    [autophone] => 0936888668
    [email] => innetiad5@gmail.com
    [first_name] => n3
    [contact] => Array
        (
            [id] => 48137
            [email] => innetiad5@gmail.com
            [first_name] => Serhii
            [last_name] => Inneti
            [phone] => 0936888668
            [orgname] => 
            [tags] => 
            [ip4] => 0.0.0.0
            [fields] => Array
                (
                    [moneyplus1] => 
                    [open_email_status] => ||Active||
                    [test_field] => 
                )

        )

    [seriesid] => 173
)

2019-02-07 16:08:39
Array
(
    [sms] => test_sms13
    [phone] => 0667627531
    [inneti3] => inneti3
    [autophone] => 0936888668
    [first_name] => %NAME%
    [contact] => Array
        (
            [id] => 48137
            [email] => innetiad5@gmail.com
            [first_name] => Serhii
            [last_name] => Inneti
            [phone] => 0936888668
            [orgname] => 
            [tags] => 
            [ip4] => 0.0.0.0
            [fields] => Array
                (
                    [moneyplus1] => 
                    [open_email_status] => ||Active||
                    [test_field] => 
                )

        )

    [seriesid] => 173
)

2019-02-07 16:08:39
Array
(
    [sms] => test_sms14
    [phone] => 0667627531
    [inneti3] => inneti3
    [autophone] => 0936888668
    [first_name] => qqq
    [contact] => Array
        (
            [id] => 48137
            [email] => innetiad5@gmail.com
            [first_name] => Serhii
            [last_name] => Inneti
            [phone] => 0936888668
            [orgname] => 
            [tags] => 
            [ip4] => 0.0.0.0
            [fields] => Array
                (
                    [moneyplus1] => 
                    [open_email_status] => ||Active||
                    [test_field] => 
                )

        )

    [seriesid] => 173
)

2019-02-08 01:43:48
Array
(
    [sms] => test_sms13
    [phone] => 0667627531
    [inneti3] => inneti3
    [autophone] => 0936888668
    [first_name] => %NAME%
)

























2019-02-08 22:31:07
Array
(
    [sms] => test_sms
    [phone] => 67627531
    [inneti3] => in%neti3
)

2019-02-09 15:21:09
Array
(
    [key] => 3752
    [secret] => glsfbgc
    [email] => amalik@activecampaign.com
    [first_name] => %NAME%
    [contact] => Array
        (
            [id] => 48313
            [email] => amalik@activecampaign.com
            [first_name] => 
            [last_name] => 
            [phone] => 
            [orgname] => 
            [tags] => test_test1
            [ip4] => 0.0.0.0
            [fields] => Array
                (
                    [moneyplus1] => 
                    [open_email_status] => 
                    [test_field] => 
                )

        )

    [seriesid] => 168
)

2019-02-09 15:29:46
Array
(
    [inn] => 1212
    [contact] => Array
        (
            [id] => 48313
            [email] => amalik@activecampaign.com
            [first_name] => 
            [last_name] => 
            [phone] => 
            [orgname] => 
            [tags] => test_test1
            [ip4] => 0.0.0.0
            [fields] => Array
                (
                    [moneyplus1] => 
                    [open_email_status] => 
                    [test_field] => 
                )

        )

    [seriesid] => 168
)

2019-02-09 15:32:03
Array
(
    [key] => 3752
    [secret] => glsfbgc
    [email] => amalik@activecampaign.com
    [first_name] => %NAME%
    [contact] => Array
        (
            [id] => 48313
            [email] => amalik@activecampaign.com
            [first_name] => 
            [last_name] => 
            [phone] => 
            [orgname] => 
            [tags] => 
            [ip4] => 0.0.0.0
            [fields] => Array
                (
                    [moneyplus1] => 
                    [open_email_status] => 
                    [test_field] => 
                )

        )

    [seriesid] => 168
)

2019-02-09 15:32:19
Array
(
    [inn] => 1212
    [contact] => Array
        (
            [id] => 48313
            [email] => amalik@activecampaign.com
            [first_name] => 
            [last_name] => 
            [phone] => 
            [orgname] => 
            [tags] => 
            [ip4] => 0.0.0.0
            [fields] => Array
                (
                    [moneyplus1] => 
                    [open_email_status] => 
                    [test_field] => 
                )

        )

    [seriesid] => 168
)

2019-02-11 23:20:00
Array
(
    [sms] => test_sms01
    [phone] => 0667627531
    [inneti3] => inneti3
    [email] => innetiad5@gmail.com
    [contact] => Array
        (
            [id] => 48137
            [email] => innetiad5@gmail.com
            [first_name] => Serhii
            [last_name] => Inneti
            [phone] => 0936888668
            [orgname] => 
            [tags] => test_test1smsfop
            [ip4] => 0.0.0.0
            [fields] => Array
                (
                    [moneyplus1] => 
                    [open_email_status] => ||Active||
                    [test_field] => 
                )

        )

    [seriesid] => 173
)

2019-02-11 23:20:01
Array
(
    [sms] => test_sms02
    [phone] => 0667627531
    [inneti3] => inneti3
    [first_name] => %NAME%
    [autophone] => 0936888668
    [contact] => Array
        (
            [id] => 48137
            [email] => innetiad5@gmail.com
            [first_name] => Serhii
            [last_name] => Inneti
            [phone] => 0936888668
            [orgname] => 
            [tags] => test_test1smsfop
            [ip4] => 0.0.0.0
            [fields] => Array
                (
                    [moneyplus1] => 
                    [open_email_status] => ||Active||
                    [test_field] => 
                )

        )

    [seriesid] => 173
)

2019-02-11 23:20:01
Array
(
    [sms] => test_sms03
    [phone] => 0667627531
    [inneti3] => inneti3
    [autophone] => 0936888668
    [email] => innetiad5@gmail.com
    [first_name] => n2
    [contact] => Array
        (
            [id] => 48137
            [email] => innetiad5@gmail.com
            [first_name] => Serhii
            [last_name] => Inneti
            [phone] => 0936888668
            [orgname] => 
            [tags] => test_test1smsfop
            [ip4] => 0.0.0.0
            [fields] => Array
                (
                    [moneyplus1] => 
                    [open_email_status] => ||Active||
                    [test_field] => 
                )

        )

    [seriesid] => 173
)

2019-02-11 23:28:46
Array
(
    [sms] => test_sms12
    [phone] => 0667627531
    [inneti3] => inneti3
    [autophone] => 0936888668
    [email] => innetiad5@gmail.com
    [contact] => Array
        (
            [id] => 48137
            [email] => innetiad5@gmail.com
            [first_name] => Serhii
            [last_name] => Inneti
            [phone] => 0936888668
            [orgname] => 
            [tags] => test_test1smsfop
            [ip4] => 0.0.0.0
            [fields] => Array
                (
                    [moneyplus1] => 
                    [open_email_status] => ||Active||
                    [test_field] => 
                )

        )

    [seriesid] => 173
)

2019-02-11 23:28:46
Array
(
    [sms] => test_sms11
    [phone] => 0667627531
    [inneti3] => inneti3
    [autophone] => 0936888668
    [email] => innetiad5@gmail.com
    [first_name] => n3
    [contact] => Array
        (
            [id] => 48137
            [email] => innetiad5@gmail.com
            [first_name] => Serhii
            [last_name] => Inneti
            [phone] => 0936888668
            [orgname] => 
            [tags] => test_test1smsfop
            [ip4] => 0.0.0.0
            [fields] => Array
                (
                    [moneyplus1] => 
                    [open_email_status] => ||Active||
                    [test_field] => 
                )

        )

    [seriesid] => 173
)

2019-02-11 23:28:46
Array
(
    [sms] => test_sms13
    [phone] => 0667627531
    [inneti3] => inneti3
    [autophone] => 0936888668
    [first_name] => %NAME%
    [contact] => Array
        (
            [id] => 48137
            [email] => innetiad5@gmail.com
            [first_name] => Serhii
            [last_name] => Inneti
            [phone] => 0936888668
            [orgname] => 
            [tags] => test_test1smsfop
            [ip4] => 0.0.0.0
            [fields] => Array
                (
                    [moneyplus1] => 
                    [open_email_status] => ||Active||
                    [test_field] => 
                )

        )

    [seriesid] => 173
)

2019-02-11 23:28:46
Array
(
    [sms] => test_sms14
    [phone] => 0667627531
    [inneti3] => inneti3
    [autophone] => 0936888668
    [first_name] => qqq
    [contact] => Array
        (
            [id] => 48137
            [email] => innetiad5@gmail.com
            [first_name] => Serhii
            [last_name] => Inneti
            [phone] => 0936888668
            [orgname] => 
            [tags] => test_test1smsfop
            [ip4] => 0.0.0.0
            [fields] => Array
                (
                    [moneyplus1] => 
                    [open_email_status] => ||Active||
                    [test_field] => 
                )

        )

    [seriesid] => 173
)

2019-02-11 23:34:42
Array
(
    [sms] => test_sms01
    [phone] => 0667627531
    [inneti3] => inneti3
    [email] => innetiad5@gmail.com
    [contact] => Array
        (
            [id] => 48137
            [email] => innetiad5@gmail.com
            [first_name] => Serhii
            [last_name] => Inneti
            [phone] => 0936888668
            [orgname] => 
            [tags] => test_test1smsfop
            [ip4] => 0.0.0.0
            [fields] => Array
                (
                    [moneyplus1] => 
                    [open_email_status] => ||Active||
                    [test_field] => 
                )

        )

    [seriesid] => 173
)

2019-02-11 23:34:42
Array
(
    [sms] => test_sms02
    [phone] => 0667627531
    [inneti3] => inneti3
    [first_name] => %NAME%
    [autophone] => 0936888668
    [contact] => Array
        (
            [id] => 48137
            [email] => innetiad5@gmail.com
            [first_name] => Serhii
            [last_name] => Inneti
            [phone] => 0936888668
            [orgname] => 
            [tags] => test_test1smsfop
            [ip4] => 0.0.0.0
            [fields] => Array
                (
                    [moneyplus1] => 
                    [open_email_status] => ||Active||
                    [test_field] => 
                )

        )

    [seriesid] => 173
)

2019-02-11 23:34:42
Array
(
    [sms] => test_sms03
    [phone] => 0667627531
    [inneti3] => inneti3
    [autophone] => 0936888668
    [email] => innetiad5@gmail.com
    [first_name] => n2
    [contact] => Array
        (
            [id] => 48137
            [email] => innetiad5@gmail.com
            [first_name] => Serhii
            [last_name] => Inneti
            [phone] => 0936888668
            [orgname] => 
            [tags] => test_test1smsfop
            [ip4] => 0.0.0.0
            [fields] => Array
                (
                    [moneyplus1] => 
                    [open_email_status] => ||Active||
                    [test_field] => 
                )

        )

    [seriesid] => 173
)

2019-02-11 23:44:00
Array
(
    [sms] => test_sms12
    [phone] => 0667627531
    [inneti3] => inneti3
    [autophone] => 0936888668
    [email] => innetiad5@gmail.com
    [contact] => Array
        (
            [id] => 48137
            [email] => innetiad5@gmail.com
            [first_name] => Serhii
            [last_name] => Inneti
            [phone] => 0936888668
            [orgname] => 
            [tags] => test_test1smsfop
            [ip4] => 0.0.0.0
            [fields] => Array
                (
                    [moneyplus1] => 
                    [open_email_status] => ||Active||
                    [test_field] => 
                )

        )

    [seriesid] => 173
)

2019-02-11 23:44:01
Array
(
    [sms] => test_sms11
    [phone] => 0667627531
    [inneti3] => inneti3
    [autophone] => 0936888668
    [email] => innetiad5@gmail.com
    [first_name] => n3
    [contact] => Array
        (
            [id] => 48137
            [email] => innetiad5@gmail.com
            [first_name] => Serhii
            [last_name] => Inneti
            [phone] => 0936888668
            [orgname] => 
            [tags] => test_test1smsfop
            [ip4] => 0.0.0.0
            [fields] => Array
                (
                    [moneyplus1] => 
                    [open_email_status] => ||Active||
                    [test_field] => 
                )

        )

    [seriesid] => 173
)

2019-02-11 23:44:01
Array
(
    [sms] => test_sms13
    [phone] => 0667627531
    [inneti3] => inneti3
    [autophone] => 0936888668
    [first_name] => %NAME%
    [contact] => Array
        (
            [id] => 48137
            [email] => innetiad5@gmail.com
            [first_name] => Serhii
            [last_name] => Inneti
            [phone] => 0936888668
            [orgname] => 
            [tags] => test_test1smsfop
            [ip4] => 0.0.0.0
            [fields] => Array
                (
                    [moneyplus1] => 
                    [open_email_status] => ||Active||
                    [test_field] => 
                )

        )

    [seriesid] => 173
)

2019-02-11 23:44:01
Array
(
    [sms] => test_sms14
    [phone] => 0667627531
    [inneti3] => inneti3
    [autophone] => 0936888668
    [first_name] => qqq
    [contact] => Array
        (
            [id] => 48137
            [email] => innetiad5@gmail.com
            [first_name] => Serhii
            [last_name] => Inneti
            [phone] => 0936888668
            [orgname] => 
            [tags] => test_test1smsfop
            [ip4] => 0.0.0.0
            [fields] => Array
                (
                    [moneyplus1] => 
                    [open_email_status] => ||Active||
                    [test_field] => 
                )

        )

    [seriesid] => 173
)

2019-02-14 08:45:51
Array
(
    [sms] => test_sms01
    [phone] => 0667627531
    [inneti3] => inneti3
    [email] => innetiad5@gmail.com
    [contact] => Array
        (
            [id] => 48137
            [email] => innetiad5@gmail.com
            [first_name] => Serhii
            [last_name] => Inneti
            [phone] => 0936888668
            [orgname] => 
            [tags] => test_test1smsfop
            [ip4] => 0.0.0.0
            [fields] => Array
                (
                    [moneyplus1] => 
                    [open_email_status] => ||Active||
                    [test_field] => 
                )

        )

    [seriesid] => 173
)

2019-02-14 08:45:51
Array
(
    [sms] => test_sms02
    [phone] => 0667627531
    [inneti3] => inneti3
    [first_name] => %NAME%
    [autophone] => 0936888668
    [contact] => Array
        (
            [id] => 48137
            [email] => innetiad5@gmail.com
            [first_name] => Serhii
            [last_name] => Inneti
            [phone] => 0936888668
            [orgname] => 
            [tags] => test_test1smsfop
            [ip4] => 0.0.0.0
            [fields] => Array
                (
                    [moneyplus1] => 
                    [open_email_status] => ||Active||
                    [test_field] => 
                )

        )

    [seriesid] => 173
)

2019-02-14 08:45:51
Array
(
    [sms] => test_sms03
    [phone] => 0667627531
    [inneti3] => inneti3
    [autophone] => 0936888668
    [email] => innetiad5@gmail.com
    [first_name] => n2
    [contact] => Array
        (
            [id] => 48137
            [email] => innetiad5@gmail.com
            [first_name] => Serhii
            [last_name] => Inneti
            [phone] => 0936888668
            [orgname] => 
            [tags] => test_test1smsfop
            [ip4] => 0.0.0.0
            [fields] => Array
                (
                    [moneyplus1] => 
                    [open_email_status] => ||Active||
                    [test_field] => 
                )

        )

    [seriesid] => 173
)

2019-02-14 08:54:09
Array
(
    [sms] => test_sms12
    [phone] => 0667627531
    [inneti3] => inneti3
    [autophone] => 0936888668
    [email] => innetiad5@gmail.com
    [contact] => Array
        (
            [id] => 48137
            [email] => innetiad5@gmail.com
            [first_name] => Serhii
            [last_name] => Inneti
            [phone] => 0936888668
            [orgname] => 
            [tags] => test_test1smsfop
            [ip4] => 0.0.0.0
            [fields] => Array
                (
                    [moneyplus1] => 
                    [open_email_status] => ||Active||
                    [test_field] => 
                )

        )

    [seriesid] => 173
)

2019-02-14 08:54:09
Array
(
    [sms] => test_sms11
    [phone] => 0667627531
    [inneti3] => inneti3
    [autophone] => 0936888668
    [email] => innetiad5@gmail.com
    [first_name] => n3
    [contact] => Array
        (
            [id] => 48137
            [email] => innetiad5@gmail.com
            [first_name] => Serhii
            [last_name] => Inneti
            [phone] => 0936888668
            [orgname] => 
            [tags] => test_test1smsfop
            [ip4] => 0.0.0.0
            [fields] => Array
                (
                    [moneyplus1] => 
                    [open_email_status] => ||Active||
                    [test_field] => 
                )

        )

    [seriesid] => 173
)

2019-02-14 08:54:09
Array
(
    [sms] => test_sms13
    [phone] => 0667627531
    [inneti3] => inneti3
    [autophone] => 0936888668
    [first_name] => %NAME%
    [contact] => Array
        (
            [id] => 48137
            [email] => innetiad5@gmail.com
            [first_name] => Serhii
            [last_name] => Inneti
            [phone] => 0936888668
            [orgname] => 
            [tags] => test_test1smsfop
            [ip4] => 0.0.0.0
            [fields] => Array
                (
                    [moneyplus1] => 
                    [open_email_status] => ||Active||
                    [test_field] => 
                )

        )

    [seriesid] => 173
)

2019-02-14 08:54:09
Array
(
    [sms] => test_sms14
    [phone] => 0667627531
    [inneti3] => inneti3
    [autophone] => 0936888668
    [first_name] => qqq
    [contact] => Array
        (
            [id] => 48137
            [email] => innetiad5@gmail.com
            [first_name] => Serhii
            [last_name] => Inneti
            [phone] => 0936888668
            [orgname] => 
            [tags] => test_test1smsfop
            [ip4] => 0.0.0.0
            [fields] => Array
                (
                    [moneyplus1] => 
                    [open_email_status] => ||Active||
                    [test_field] => 
                )

        )

    [seriesid] => 173
)

2019-02-14 09:14:00
Array
(
    [sms] => test_sms01
    [phone] => 0667627531
    [inneti3] => inneti3
    [email] => innetiad5@gmail.com
    [contact] => Array
        (
            [id] => 48137
            [email] => innetiad5@gmail.com
            [first_name] => Serhii
            [last_name] => Inneti
            [phone] => 0936888668
            [orgname] => 
            [tags] => test_test1smsfop
            [ip4] => 0.0.0.0
            [fields] => Array
                (
                    [moneyplus1] => 
                    [open_email_status] => ||Active||
                    [test_field] => 
                )

        )

    [seriesid] => 173
)

2019-02-14 09:14:01
Array
(
    [sms] => test_sms02
    [phone] => 0667627531
    [inneti3] => inneti3
    [first_name] => %NAME%
    [autophone] => 0936888668
    [contact] => Array
        (
            [id] => 48137
            [email] => innetiad5@gmail.com
            [first_name] => Serhii
            [last_name] => Inneti
            [phone] => 0936888668
            [orgname] => 
            [tags] => test_test1smsfop
            [ip4] => 0.0.0.0
            [fields] => Array
                (
                    [moneyplus1] => 
                    [open_email_status] => ||Active||
                    [test_field] => 
                )

        )

    [seriesid] => 173
)

2019-02-14 09:14:01
Array
(
    [sms] => test_sms03
    [phone] => 0667627531
    [inneti3] => inneti3
    [autophone] => 0936888668
    [email] => innetiad5@gmail.com
    [first_name] => n2
    [contact] => Array
        (
            [id] => 48137
            [email] => innetiad5@gmail.com
            [first_name] => Serhii
            [last_name] => Inneti
            [phone] => 0936888668
            [orgname] => 
            [tags] => test_test1smsfop
            [ip4] => 0.0.0.0
            [fields] => Array
                (
                    [moneyplus1] => 
                    [open_email_status] => ||Active||
                    [test_field] => 
                )

        )

    [seriesid] => 173
)

2019-02-14 09:24:16
Array
(
    [sms] => test_sms01
    [phone] => 0667627531
    [inneti3] => inneti3
    [email] => innetiad5@gmail.com
    [contact] => Array
        (
            [id] => 48137
            [email] => innetiad5@gmail.com
            [first_name] => Serhii
            [last_name] => Inneti
            [phone] => 0936888668
            [orgname] => 
            [tags] => test_test1sms, test_test1smsfop
            [ip4] => 0.0.0.0
            [fields] => Array
                (
                    [moneyplus1] => 
                    [open_email_status] => ||Active||
                    [test_field] => 
                )

        )

    [seriesid] => 173
)

2019-02-14 09:24:16
Array
(
    [sms] => test_sms02
    [phone] => 0667627531
    [inneti3] => inneti3
    [first_name] => %NAME%
    [autophone] => 0936888668
    [contact] => Array
        (
            [id] => 48137
            [email] => innetiad5@gmail.com
            [first_name] => Serhii
            [last_name] => Inneti
            [phone] => 0936888668
            [orgname] => 
            [tags] => test_test1sms, test_test1smsfop
            [ip4] => 0.0.0.0
            [fields] => Array
                (
                    [moneyplus1] => 
                    [open_email_status] => ||Active||
                    [test_field] => 
                )

        )

    [seriesid] => 173
)

2019-02-14 09:24:16
Array
(
    [sms] => test_sms03
    [phone] => 0667627531
    [inneti3] => inneti3
    [autophone] => 0936888668
    [email] => innetiad5@gmail.com
    [first_name] => n2
    [contact] => Array
        (
            [id] => 48137
            [email] => innetiad5@gmail.com
            [first_name] => Serhii
            [last_name] => Inneti
            [phone] => 0936888668
            [orgname] => 
            [tags] => test_test1sms, test_test1smsfop
            [ip4] => 0.0.0.0
            [fields] => Array
                (
                    [moneyplus1] => 
                    [open_email_status] => ||Active||
                    [test_field] => 
                )

        )

    [seriesid] => 173
)

2019-02-14 09:34:27
Array
(
    [sms] => test_sms12
    [phone] => 0667627531
    [inneti3] => inneti3
    [autophone] => 0936888668
    [email] => innetiad5@gmail.com
    [contact] => Array
        (
            [id] => 48137
            [email] => innetiad5@gmail.com
            [first_name] => Serhii
            [last_name] => Inneti
            [phone] => 0936888668
            [orgname] => 
            [tags] => test_test1smsfop
            [ip4] => 0.0.0.0
            [fields] => Array
                (
                    [moneyplus1] => 
                    [open_email_status] => ||Active||
                    [test_field] => 
                )

        )

    [seriesid] => 173
)

2019-02-14 09:34:28
Array
(
    [sms] => test_sms11
    [phone] => 0667627531
    [inneti3] => inneti3
    [autophone] => 0936888668
    [email] => innetiad5@gmail.com
    [first_name] => n3
    [contact] => Array
        (
            [id] => 48137
            [email] => innetiad5@gmail.com
            [first_name] => Serhii
            [last_name] => Inneti
            [phone] => 0936888668
            [orgname] => 
            [tags] => test_test1smsfop
            [ip4] => 0.0.0.0
            [fields] => Array
                (
                    [moneyplus1] => 
                    [open_email_status] => ||Active||
                    [test_field] => 
                )

        )

    [seriesid] => 173
)

2019-02-14 09:34:28
Array
(
    [sms] => test_sms13
    [phone] => 0667627531
    [inneti3] => inneti3
    [autophone] => 0936888668
    [first_name] => %NAME%
    [contact] => Array
        (
            [id] => 48137
            [email] => innetiad5@gmail.com
            [first_name] => Serhii
            [last_name] => Inneti
            [phone] => 0936888668
            [orgname] => 
            [tags] => test_test1smsfop
            [ip4] => 0.0.0.0
            [fields] => Array
                (
                    [moneyplus1] => 
                    [open_email_status] => ||Active||
                    [test_field] => 
                )

        )

    [seriesid] => 173
)

2019-02-14 09:34:28
Array
(
    [sms] => test_sms14
    [phone] => 0667627531
    [inneti3] => inneti3
    [autophone] => 0936888668
    [first_name] => qqq
    [contact] => Array
        (
            [id] => 48137
            [email] => innetiad5@gmail.com
            [first_name] => Serhii
            [last_name] => Inneti
            [phone] => 0936888668
            [orgname] => 
            [tags] => test_test1smsfop
            [ip4] => 0.0.0.0
            [fields] => Array
                (
                    [moneyplus1] => 
                    [open_email_status] => ||Active||
                    [test_field] => 
                )

        )

    [seriesid] => 173
)

2019-02-20 17:05:40
Array
(
    [key] => 3752
    [secret] => glsfbgc
    [email] => cmcatee@activecampaign.com
    [first_name] => %NAME%
    [contact] => Array
        (
            [id] => 48651
            [email] => cmcatee@activecampaign.com
            [first_name] => 
            [last_name] => 
            [phone] => 
            [orgname] => 
            [tags] => test_test1
            [ip4] => 0.0.0.0
            [fields] => Array
                (
                    [moneyplus1] => 
                    [open_email_status] => 
                    [test_field] => 
                )

        )

    [seriesid] => 168
)

2019-02-20 17:13:42
Array
(
    [inn] => 1212
    [contact] => Array
        (
            [id] => 48651
            [email] => cmcatee@activecampaign.com
            [first_name] => 
            [last_name] => 
            [phone] => 
            [orgname] => 
            [tags] => test_test1
            [ip4] => 0.0.0.0
            [fields] => Array
                (
                    [moneyplus1] => 
                    [open_email_status] => 
                    [test_field] => 
                )

        )

    [seriesid] => 168
)
