
0 2019-01-27 10:52:40

0 2019-01-27 10:54:01

0 2019-01-27 10:55:15

0 2019-01-27 10:55:57

1 2019-01-27 10:55:57
200
2 2019-01-27 10:55:57
Array
(
    [key] => 3752
    [secret] => glsfbgc
    [email] => innetiad5@gmail.com
    [first_name] => Serhii.Test3
    [PHPSESSID] => 2vtg8veloukvaku09a2e5vqpp6
    [_ym_uid] => 1547599841262456000
    [_ym_d] => 1547599841
    [user_id] => 34cef131198bcedf1bf09e9d46f23b97
    [_ga] => GA1.2.1612136911.1547599917
    [mp_b3bceeaef2d18a9295b101fb687bc3cd_mixpanel] => {"distinct_id": "168542383a643-079385f26a4ac4-5d1f3b1c-15f900-168542383a71fc","$device_id": "168542383a643-079385f26a4ac4-5d1f3b1c-15f900-168542383a71fc","$initial_referrer": "http://pages.polza.com/","$initial_referring_domain": "pages.polza.com"}
    [_hp2_id_2346753436] => {"userId":"8709936650140400","pageviewId":"5826959828038648","sessionId":"3313744408786022","identity":null,"trackerVersion":"4.0"}
    [user] => 1
)

0 2019-01-27 10:57:45

1 2019-01-27 10:57:46
200
2 2019-01-27 10:57:46
Array
(
    [key] => 3752
    [secret] => glsfbgc
    [email] => innetiad5@gmail.com
    [first_name] => Serhii.Test3
    [phone] => 22220936888668
    [contact] => Array
        (
            [id] => 48131
            [email] => innetiad5@gmail.com
            [first_name] => Serhii.Test3
            [last_name] => 
            [phone] => 380936888668
            [orgname] => 
            [tags] => test_test, fh_figure_go
            [ip4] => 127.0.0.1
            [fields] => Array
                (
                    [moneyplus1] => 12
                    [open_email_status] => ||Active||
                    [test_field] => test_filed
                )

        )

    [seriesid] => 161
)

0 2019-01-27 11:00:03

1 2019-01-27 11:00:03
500
0 2019-01-27 11:00:31

0 2019-01-27 11:00:40

0 2019-01-27 11:00:49

0 2019-01-27 11:01:00

1 2019-01-27 11:01:00
500
0 2019-01-27 11:01:26

1 2019-01-27 11:01:26
500
0 2019-01-27 11:01:33

1 2019-01-27 11:01:33
500
0 2019-01-27 11:02:44

1 2019-01-27 11:02:45
500
0 2019-01-27 11:03:11

1 2019-01-27 11:03:12
500
2 2019-01-27 11:03:12
Array
(
    [phone] => 22220936888668
    [key] => 3752
    [secret] => glsfbgc
    [email] => innetiad5@gmail.com
    [first_name] => Serhii.Test3
    [contact] => Array
        (
            [id] => 48131
            [email] => innetiad5@gmail.com
            [first_name] => Serhii.Test3
            [last_name] => 
            [phone] => 380936888668
            [orgname] => 
            [tags] => test_test, fh_figure_go
            [ip4] => 127.0.0.1
            [fields] => Array
                (
                    [moneyplus1] => 12
                    [open_email_status] => ||Active||
                    [test_field] => test_filed
                )

        )

    [seriesid] => 161
)

1 2019-01-27 11:41:03
500
1 2019-01-27 11:41:22
500
1 2019-01-27 11:42:18

1 2019-01-27 11:43:00
Array
(
    [phone] => 22220936888668
    [key] => 3752
    [secret] => glsfbgc
    [email] => innetiad5@gmail.com
    [first_name] => Serhii.Test3
    [contact] => Array
        (
            [id] => 48131
            [email] => innetiad5@gmail.com
            [first_name] => Serhii.Test3
            [last_name] => 
            [phone] => 380936888668
            [orgname] => 
            [tags] => test_test, fh_figure_go
            [ip4] => 127.0.0.1
            [fields] => Array
                (
                    [moneyplus1] => 12
                    [open_email_status] => ||Active||
                    [test_field] => test_filed
                )

        )

    [seriesid] => 161
)

1 2019-01-27 11:56:33
Array
(
    [phone] => 22220936888668
    [key] => 3752
    [secret] => glsfbgc
    [email] => innetiad5@gmail.com
    [first_name] => Serhii.Test3
    [contact] => Array
        (
            [id] => 48131
            [email] => innetiad5@gmail.com
            [first_name] => Serhii.Test3
            [last_name] => 
            [phone] => 380936888668
            [orgname] => 
            [tags] => test_test, fh_figure_go
            [ip4] => 127.0.0.1
            [fields] => Array
                (
                    [moneyplus1] => 12
                    [open_email_status] => ||Active||
                    [test_field] => test_filed
                )

        )

    [seriesid] => 161
)

1 2019-01-27 12:00:29
Array
(
    [phone] => 22220936888668
    [key] => 3752
    [secret] => glsfbgc
    [email] => innetiad5@gmail.com
    [first_name] => Serhii.Test3
    [contact] => Array
        (
            [id] => 48131
            [email] => innetiad5@gmail.com
            [first_name] => Serhii.Test3
            [last_name] => 
            [phone] => 380936888668
            [orgname] => 
            [tags] => test_test, fh_figure_go
            [ip4] => 127.0.0.1
            [fields] => Array
                (
                    [moneyplus1] => 12
                    [open_email_status] => ||Active||
                    [test_field] => test_filed
                )

        )

    [seriesid] => 161
)

1 2019-01-27 12:01:08
Array
(
    [phone] => 22220936888668
    [key] => 3752
    [secret] => glsfbgc
    [email] => innetiad5@gmail.com
    [first_name] => Serhii.Test3
    [contact] => Array
        (
            [id] => 48131
            [email] => innetiad5@gmail.com
            [first_name] => Serhii.Test3
            [last_name] => 
            [phone] => 380936888668
            [orgname] => 
            [tags] => test_test, fh_figure_go
            [ip4] => 127.0.0.1
            [fields] => Array
                (
                    [moneyplus1] => 12
                    [open_email_status] => ||Active||
                    [test_field] => test_filed
                )

        )

    [seriesid] => 161
)

1 2019-01-27 12:02:11
Array
(
    [phone] => 22220936888668
    [key] => 3752
    [secret] => glsfbgc
    [email] => innetiad5@gmail.com
    [first_name] => Serhii.Test3
    [contact] => Array
        (
            [id] => 48131
            [email] => innetiad5@gmail.com
            [first_name] => Serhii.Test3
            [last_name] => 
            [phone] => 380936888668
            [orgname] => 
            [tags] => test_test, fh_figure_go
            [ip4] => 127.0.0.1
            [fields] => Array
                (
                    [moneyplus1] => 12
                    [open_email_status] => ||Active||
                    [test_field] => test_filed
                )

        )

    [seriesid] => 161
)

1 2019-01-27 12:22:48
Array
(
    [key] => 3752
    [secret] => glsfbgc
    [email] => innetiad5@gmail.com
    [first_name] => Serhii.Test3
    [phone] => 22220936888668
    [contact] => Array
        (
            [id] => 48131
            [email] => innetiad5@gmail.com
            [first_name] => Serhii.Test3
            [last_name] => 
            [phone] => 380936888668
            [orgname] => 
            [tags] => test_test, fh_figure_go
            [ip4] => 127.0.0.1
            [fields] => Array
                (
                    [moneyplus1] => 12
                    [open_email_status] => ||Active||
                    [test_field] => test_filed
                )

        )

    [seriesid] => 161
)

1 2019-01-27 12:26:52
Array
(
    [key] => 3752
    [secret] => glsfbgc
    [email] => innetiad5@gmail.com
    [first_name] => Serhii.Test3
    [phone] => 22220936888668
    [contact] => Array
        (
            [id] => 48131
            [email] => innetiad5@gmail.com
            [first_name] => Serhii.Test3
            [last_name] => 
            [phone] => 380936888668
            [orgname] => 
            [tags] => test_test, fh_figure_go
            [ip4] => 127.0.0.1
            [fields] => Array
                (
                    [moneyplus1] => 12
                    [open_email_status] => ||Active||
                    [test_field] => test_filed
                )

        )

    [seriesid] => 161
)

1 2019-01-27 12:51:08
Array
(
    [key] => 3752
    [secret] => glsfbgc
    [contact] => Array
        (
            [id] => 48137
            [email] => innetiad5@gmail.com
            [first_name] => Serhii
            [last_name] => Inneti
            [phone] => 0968876888
            [orgname] => 
            [tags] => test_test
            [ip4] => 0.0.0.0
            [fields] => Array
                (
                    [moneyplus1] => 
                    [open_email_status] => ||Active||
                    [test_field] => 
                )

        )

    [seriesid] => 161
)

1 2019-01-27 12:56:49
Array
(
    [key] => 3752
    [secret] => glsfbgc
    [contact] => Array
        (
            [id] => 48137
            [email] => innetiad5@gmail.com
            [first_name] => Serhii
            [last_name] => Inneti
            [phone] => 0968876888
            [orgname] => 
            [tags] => test_test
            [ip4] => 0.0.0.0
            [fields] => Array
                (
                    [moneyplus1] => 
                    [open_email_status] => ||Active||
                    [test_field] => 
                )

        )

    [seriesid] => 161
)

1 2019-01-27 13:02:59
Array
(
    [key] => 3752
    [secret] => glsfbgc
    [email] => innetiad5@gmail.com
    [contact] => Array
        (
            [id] => 48137
            [email] => innetiad5@gmail.com
            [first_name] => Serhii
            [last_name] => Inneti
            [phone] => 0968876888
            [orgname] => 
            [tags] => test_test
            [ip4] => 0.0.0.0
            [fields] => Array
                (
                    [moneyplus1] => 
                    [open_email_status] => ||Active||
                    [test_field] => 
                )

        )

    [seriesid] => 161
)

1 2019-01-27 13:03:00
Array
(
    [key] => 3752
    [secret] => glsfbgc
    [contact] => Array
        (
            [id] => 48137
            [email] => innetiad5@gmail.com
            [first_name] => Serhii
            [last_name] => Inneti
            [phone] => 0968876888
            [orgname] => 
            [tags] => test_test
            [ip4] => 0.0.0.0
            [fields] => Array
                (
                    [moneyplus1] => 
                    [open_email_status] => ||Active||
                    [test_field] => 
                )

        )

    [seriesid] => 161
)

1 2019-01-27 13:59:26
Array
(
    [key] => 3752
    [secret] => glsfbgc
    [email] => innetiad5@gmail.com
    [contact] => Array
        (
            [id] => 48137
            [email] => innetiad5@gmail.com
            [first_name] => Serhii
            [last_name] => Inneti
            [phone] => 0968876888
            [orgname] => 
            [tags] => test_test
            [ip4] => 0.0.0.0
            [fields] => Array
                (
                    [moneyplus1] => 
                    [open_email_status] => ||Active||
                    [test_field] => 
                )

        )

    [seriesid] => 161
)

1 2019-01-27 13:59:28
Array
(
    [key] => 3752
    [secret] => glsfbgc
    [contact] => Array
        (
            [id] => 48137
            [email] => innetiad5@gmail.com
            [first_name] => Serhii
            [last_name] => Inneti
            [phone] => 0968876888
            [orgname] => 
            [tags] => test_test
            [ip4] => 0.0.0.0
            [fields] => Array
                (
                    [moneyplus1] => 
                    [open_email_status] => ||Active||
                    [test_field] => 
                )

        )

    [seriesid] => 161
)

1 2019-01-27 15:59:33
Array
(
    [key] => 3752
    [secret] => glsfbgc
    [email] => innetiad5@gmail.com
    [contact] => Array
        (
            [id] => 48137
            [email] => innetiad5@gmail.com
            [first_name] => Serhii
            [last_name] => Inneti
            [phone] => 0968876888
            [orgname] => 
            [tags] => test_test1
            [ip4] => 0.0.0.0
            [fields] => Array
                (
                    [moneyplus1] => 
                    [open_email_status] => ||Active||
                    [test_field] => 
                )

        )

    [seriesid] => 168
)

1 2019-01-27 15:59:34
Array
(
    [key] => 3752
    [secret] => glsfbgc
    [contact] => Array
        (
            [id] => 48137
            [email] => innetiad5@gmail.com
            [first_name] => Serhii
            [last_name] => Inneti
            [phone] => 0968876888
            [orgname] => 
            [tags] => test_test1
            [ip4] => 0.0.0.0
            [fields] => Array
                (
                    [moneyplus1] => 
                    [open_email_status] => ||Active||
                    [test_field] => 
                )

        )

    [seriesid] => 168
)

1 2019-01-27 16:00:44
Array
(
    [key] => 3752
    [secret] => glsfbgc
    [email] => innetiad5@gmail.com
    [first_name] => Serhii.Test3
    [phone] => 22220936888668
    [contact] => Array
        (
            [id] => 48131
            [email] => innetiad5@gmail.com
            [first_name] => Serhii.Test3
            [last_name] => 
            [phone] => 380936888668
            [orgname] => 
            [tags] => test_test, fh_figure_go
            [ip4] => 127.0.0.1
            [fields] => Array
                (
                    [moneyplus1] => 12
                    [open_email_status] => ||Active||
                    [test_field] => test_filed
                )

        )

    [seriesid] => 161
)

1 2019-01-27 16:29:16
Array
(
    [key] => 3752
    [secret] => glsfbgc
    [email] => innetiad5@gmail.com
    [contact] => Array
        (
            [id] => 48137
            [email] => innetiad5@gmail.com
            [first_name] => Serhii
            [last_name] => Inneti
            [phone] => 0968876888
            [orgname] => 
            [tags] => test_test1
            [ip4] => 0.0.0.0
            [fields] => Array
                (
                    [moneyplus1] => 
                    [open_email_status] => ||Active||
                    [test_field] => 
                )

        )

    [seriesid] => 168
)

1 2019-01-27 16:29:17
Array
(
    [key] => 3752
    [secret] => glsfbgc
    [contact] => Array
        (
            [id] => 48137
            [email] => innetiad5@gmail.com
            [first_name] => Serhii
            [last_name] => Inneti
            [phone] => 0968876888
            [orgname] => 
            [tags] => test_test1
            [ip4] => 0.0.0.0
            [fields] => Array
                (
                    [moneyplus1] => 
                    [open_email_status] => ||Active||
                    [test_field] => 
                )

        )

    [seriesid] => 168
)

1 2019-01-28 04:35:09
Array
(
    [key] => 3752
    [secret] => glsfbgc
    [email] => innetiad5@gmail.com
    [contact] => Array
        (
            [id] => 48137
            [email] => innetiad5@gmail.com
            [first_name] => Serhii
            [last_name] => Inneti
            [phone] => 0936888668
            [orgname] => 
            [tags] => test_test1
            [ip4] => 0.0.0.0
            [fields] => Array
                (
                    [moneyplus1] => 
                    [open_email_status] => ||Active||
                    [test_field] => 
                )

        )

    [seriesid] => 168
)

1 2019-01-28 04:35:10
Array
(
    [key] => 3752
    [secret] => glsfbgc
    [contact] => Array
        (
            [id] => 48137
            [email] => innetiad5@gmail.com
            [first_name] => Serhii
            [last_name] => Inneti
            [phone] => 0936888668
            [orgname] => 
            [tags] => test_test1
            [ip4] => 0.0.0.0
            [fields] => Array
                (
                    [moneyplus1] => 
                    [open_email_status] => ||Active||
                    [test_field] => 
                )

        )

    [seriesid] => 168
)

1 2019-01-28 15:39:06
Array
(
    [key] => 4030
    [secret] => hbnbcoq
    [email] => oluhska_ia@mail.ru
    [contact] => Array
        (
            [id] => 45320
            [email] => oluhska_ia@mail.ru
            [first_name] => Оля
            [last_name] => 
            [phone] => 89227906085
            [orgname] => 
            [tags] => {money_kurs_AT_2-5_fbbot}, $_kurs_pr_4_lfp, $_kurs_pr_4_ub, $_kurs_pr_4_sost, $_kurs_pr_5_inv, $_kurs_pr_3, $_kurs_pr_1, $_kurs_pr_2, $_kurs_pr_0_new, $_kurs_pr_4_sost_end, $_kurs_pr_4_ub_end, $_kurs_pr_5_sotr, $_kurs_pr_5_inv_end, $_kurs_pr_4_lfp_end, $_kurs_pr_5_sotr_end, $_bonus_open, $_wf_finminikurs_reg, $_wf_finminikurs_d2_air-, $_wf_finminikurs_d3_air-, $_wf_finminikurs_d1_air+, $_wf_finminikurs_d1_air-, $_wf_finminikurs_rp, $_wf_lead, $_wf_finminikurs_restart_2, newfinlvl2019_base_go, nys4$students_go
            [ip4] => 127.0.0.1
            [fields] => Array
                (
                    [open_email_status] => ||Active||
                )

        )

    [seriesid] => 105
)

1 2019-01-29 00:43:03
Array
(
    [key] => 3030
    [secret] => ioncjgz
    [email] => che@ant-team.ru
    [contact] => Array
        (
            [id] => 45997
            [email] => che@ant-team.ru
            [first_name] => Александр
            [last_name] => 
            [phone] => 79052608822
            [orgname] => 
            [tags] => {money_kurs_AT_2-5_fbbot}, $_kurs_pr_4_lfp, $_kurs_pr_4_ub, $_kurs_pr_4_sost, $_kurs_pr_3, $_kurs_pr_1, $_kurs_pr_5_ent, $_kurs_pr_2, $_bonus_open, $_wf_finminikurs_reg, $_wf_finminikurs_d2_air-, $_wf_finminikurs_d3_air-, $_wf_finminikurs_d1_air+, $_wf_finminikurs_restart_2, newfinlvl2019_base_go, nys4$students_go
            [ip4] => 127.0.0.1
            [fields] => Array
                (
                    [open_email_status] => ||Active||
                )

        )

    [seriesid] => 100
)

1 2019-01-29 00:43:06
Array
(
    [key] => 3430
    [secret] => slheglq
    [email] => che@ant-team.ru
    [contact] => Array
        (
            [id] => 45997
            [email] => che@ant-team.ru
            [first_name] => Александр
            [last_name] => 
            [phone] => 79052608822
            [orgname] => 
            [tags] => {money_kurs_AT_2-5_fbbot}, $_kurs_pr_4_lfp, $_kurs_pr_4_ub, $_kurs_pr_4_sost, $_kurs_pr_3, $_kurs_pr_1, $_kurs_pr_5_ent, $_kurs_pr_2, $_bonus_open, $_wf_finminikurs_reg, $_wf_finminikurs_d2_air-, $_wf_finminikurs_d3_air-, $_wf_finminikurs_d1_air+, $_wf_finminikurs_restart_2, newfinlvl2019_base_go, nys4$students_go
            [ip4] => 127.0.0.1
            [fields] => Array
                (
                    [open_email_status] => ||Active||
                )

        )

    [seriesid] => 100
)

1 2019-01-29 00:43:11
Array
(
    [key] => 3700
    [secret] => kcqrjwm
    [email] => che@ant-team.ru
    [contact] => Array
        (
            [id] => 45997
            [email] => che@ant-team.ru
            [first_name] => Александр
            [last_name] => 
            [phone] => 79052608822
            [orgname] => 
            [tags] => {money_kurs_AT_2-5_fbbot}, $_kurs_pr_4_lfp, $_kurs_pr_4_ub, $_kurs_pr_4_sost, $_kurs_pr_3, $_kurs_pr_1, $_kurs_pr_5_ent, $_kurs_pr_2, $_kurs_pr_0_old, $_bonus_open, $_wf_finminikurs_reg, $_wf_finminikurs_d2_air-, $_wf_finminikurs_d3_air-, $_wf_finminikurs_d1_air+, $_wf_finminikurs_restart_2, newfinlvl2019_base_go, nys4$students_go
            [ip4] => 127.0.0.1
            [fields] => Array
                (
                    [open_email_status] => ||Active||
                )

        )

    [seriesid] => 100
)

1 2019-01-29 00:43:11
Array
(
    [key] => 3701
    [secret] => buvpdwv
    [email] => che@ant-team.ru
    [contact] => Array
        (
            [id] => 45997
            [email] => che@ant-team.ru
            [first_name] => Александр
            [last_name] => 
            [phone] => 79052608822
            [orgname] => 
            [tags] => {money_kurs_AT_2-5_fbbot}, $_kurs_pr_4_lfp, $_kurs_pr_4_ub, $_kurs_pr_4_sost, $_kurs_pr_3, $_kurs_pr_1, $_kurs_pr_5_ent, $_kurs_pr_2, $_kurs_pr_0_old, $_bonus_open, $_wf_finminikurs_reg, $_wf_finminikurs_d2_air-, $_wf_finminikurs_d3_air-, $_wf_finminikurs_d1_air+, $_wf_finminikurs_restart_2, newfinlvl2019_base_go, nys4$students_go
            [ip4] => 127.0.0.1
            [fields] => Array
                (
                    [open_email_status] => ||Active||
                )

        )

    [seriesid] => 100
)

1 2019-01-29 00:43:12
Array
(
    [key] => 3702
    [secret] => huufren
    [email] => che@ant-team.ru
    [contact] => Array
        (
            [id] => 45997
            [email] => che@ant-team.ru
            [first_name] => Александр
            [last_name] => 
            [phone] => 79052608822
            [orgname] => 
            [tags] => {money_kurs_AT_2-5_fbbot}, $_kurs_pr_4_lfp, $_kurs_pr_4_ub, $_kurs_pr_4_sost, $_kurs_pr_3, $_kurs_pr_1, $_kurs_pr_5_ent, $_kurs_pr_2, $_kurs_pr_0_old, $_bonus_open, $_wf_finminikurs_reg, $_wf_finminikurs_d2_air-, $_wf_finminikurs_d3_air-, $_wf_finminikurs_d1_air+, $_wf_finminikurs_restart_2, newfinlvl2019_base_go, nys4$students_go
            [ip4] => 127.0.0.1
            [fields] => Array
                (
                    [open_email_status] => ||Active||
                )

        )

    [seriesid] => 100
)

1 2019-01-29 00:43:13
Array
(
    [key] => 3705
    [secret] => koricsj
    [email] => che@ant-team.ru
    [contact] => Array
        (
            [id] => 45997
            [email] => che@ant-team.ru
            [first_name] => Александр
            [last_name] => 
            [phone] => 79052608822
            [orgname] => 
            [tags] => {money_kurs_AT_2-5_fbbot}, $_kurs_pr_4_lfp, $_kurs_pr_4_ub, $_kurs_pr_4_sost, $_kurs_pr_3, $_kurs_pr_1, $_kurs_pr_5_ent, $_kurs_pr_2, $_kurs_pr_0_old, $_bonus_open, $_wf_finminikurs_reg, $_wf_finminikurs_d2_air-, $_wf_finminikurs_d3_air-, $_wf_finminikurs_d1_air+, $_wf_finminikurs_restart_2, newfinlvl2019_base_go, nys4$students_go
            [ip4] => 127.0.0.1
            [fields] => Array
                (
                    [open_email_status] => ||Active||
                )

        )

    [seriesid] => 100
)

1 2019-01-29 00:43:14
Array
(
    [key] => 3703
    [secret] => ydvrrcn
    [email] => che@ant-team.ru
    [contact] => Array
        (
            [id] => 45997
            [email] => che@ant-team.ru
            [first_name] => Александр
            [last_name] => 
            [phone] => 79052608822
            [orgname] => 
            [tags] => {money_kurs_AT_2-5_fbbot}, $_kurs_pr_4_lfp, $_kurs_pr_4_ub, $_kurs_pr_4_sost, $_kurs_pr_3, $_kurs_pr_1, $_kurs_pr_5_ent, $_kurs_pr_2, $_kurs_pr_0_old, $_bonus_open, $_wf_finminikurs_reg, $_wf_finminikurs_d2_air-, $_wf_finminikurs_d3_air-, $_wf_finminikurs_d1_air+, $_wf_finminikurs_restart_2, newfinlvl2019_base_go, nys4$students_go
            [ip4] => 127.0.0.1
            [fields] => Array
                (
                    [open_email_status] => ||Active||
                )

        )

    [seriesid] => 100
)

1 2019-01-29 00:43:15
Array
(
    [key] => 3704
    [secret] => moxlyyc
    [email] => che@ant-team.ru
    [contact] => Array
        (
            [id] => 45997
            [email] => che@ant-team.ru
            [first_name] => Александр
            [last_name] => 
            [phone] => 79052608822
            [orgname] => 
            [tags] => {money_kurs_AT_2-5_fbbot}, $_kurs_pr_4_lfp, $_kurs_pr_4_ub, $_kurs_pr_4_sost, $_kurs_pr_3, $_kurs_pr_1, $_kurs_pr_5_ent, $_kurs_pr_2, $_kurs_pr_0_old, $_bonus_open, $_wf_finminikurs_reg, $_wf_finminikurs_d2_air-, $_wf_finminikurs_d3_air-, $_wf_finminikurs_d1_air+, $_wf_finminikurs_restart_2, newfinlvl2019_base_go, nys4$students_go
            [ip4] => 127.0.0.1
            [fields] => Array
                (
                    [open_email_status] => ||Active||
                )

        )

    [seriesid] => 100
)

1 2019-01-29 00:43:15
Array
(
    [key] => 3708
    [secret] => qykvxgg
    [email] => che@ant-team.ru
    [contact] => Array
        (
            [id] => 45997
            [email] => che@ant-team.ru
            [first_name] => Александр
            [last_name] => 
            [phone] => 79052608822
            [orgname] => 
            [tags] => {money_kurs_AT_2-5_fbbot}, $_kurs_pr_4_lfp, $_kurs_pr_4_ub, $_kurs_pr_4_sost, $_kurs_pr_3, $_kurs_pr_1, $_kurs_pr_5_ent, $_kurs_pr_2, $_kurs_pr_0_old, $_bonus_open, $_wf_finminikurs_reg, $_wf_finminikurs_d2_air-, $_wf_finminikurs_d3_air-, $_wf_finminikurs_d1_air+, $_wf_finminikurs_restart_2, newfinlvl2019_base_go, nys4$students_go
            [ip4] => 127.0.0.1
            [fields] => Array
                (
                    [open_email_status] => ||Active||
                )

        )

    [seriesid] => 100
)

1 2019-01-30 05:48:48
Array
(
    [key] => 3030
    [secret] => ioncjgz
    [email] => viktor.dementiivskyi@gmail.com
    [contact] => Array
        (
            [id] => 30629
            [email] => viktor.dementiivskyi@gmail.com
            [first_name] => Виктор
            [last_name] => Дементьевский 
            [phone] => 380504135715
            [orgname] => 
            [tags] => {money_kurs_AT_2-5_fbbot}, $_kurs_pr_4_lfp, $_kurs_pr_4_ub, $_kurs_pr_4_sost, $_kurs_pr_3, $_kurs_pr_2, $_kurs_pr_0_new, $_kurs_pr_5_fl, $_kurs_pr_final, $_kurs_+1_paid_testtag, $_kurs_+1_end, $_bonus_open, $_community_anons
            [ip4] => 127.0.0.1
            [fields] => Array
                (
                    [open_email_status] => ||Active||
                )

        )

    [seriesid] => 100
)

1 2019-01-30 05:48:51
Array
(
    [key] => 4031
    [secret] => qbqteqk
    [email] => viktor.dementiivskyi@gmail.com
    [contact] => Array
        (
            [id] => 30629
            [email] => viktor.dementiivskyi@gmail.com
            [first_name] => Виктор
            [last_name] => Дементьевский 
            [phone] => 380504135715
            [orgname] => 
            [tags] => {money_kurs_AT_2-5_fbbot}, $_kurs_pr_4_lfp, $_kurs_pr_4_ub, $_kurs_pr_4_sost, $_kurs_pr_3, $_kurs_pr_2, $_kurs_pr_0_new, $_kurs_pr_5_fl, $_kurs_pr_final, $_kurs_+1_paid_testtag, $_kurs_+1_end, $_bonus_open, $_community_anons
            [ip4] => 127.0.0.1
            [fields] => Array
                (
                    [open_email_status] => ||Active||
                )

        )

    [seriesid] => 100
)

1 2019-02-01 09:31:36
Array
(
    [key] => 3030
    [secret] => ioncjgz
    [email] => nikolaenko.t@gmail.com
    [contact] => Array
        (
            [id] => 46068
            [email] => nikolaenko.t@gmail.com
            [first_name] => Taras
            [last_name] => 
            [phone] => 0672236025
            [orgname] => 
            [tags] => {money_kurs_AT_2-5_fbbot}, $_kurs_pr_3, $_kurs_pr_1, $_kurs_pr_2, $_kurs_pr_0_new, $_bonus_open, $_wf_finminikurs_reg, $_wf_finminikurs_d2_air-, $_wf_finminikurs_d3_air-, $_wf_finminikurs_d1_air-, $_wf_finminikurs_restart_2, newfinlvl2019_base_go, nys4$students_go
            [ip4] => 127.0.0.1
            [fields] => Array
                (
                    [open_email_status] => ||Active||
                )

        )

    [seriesid] => 100
)

1 2019-02-01 09:31:39
Array
(
    [key] => 4031
    [secret] => qbqteqk
    [email] => nikolaenko.t@gmail.com
    [contact] => Array
        (
            [id] => 46068
            [email] => nikolaenko.t@gmail.com
            [first_name] => Taras
            [last_name] => 
            [phone] => 0672236025
            [orgname] => 
            [tags] => {money_kurs_AT_2-5_fbbot}, $_kurs_pr_3, $_kurs_pr_1, $_kurs_pr_2, $_kurs_pr_0_new, $_bonus_open, $_wf_finminikurs_reg, $_wf_finminikurs_d2_air-, $_wf_finminikurs_d3_air-, $_wf_finminikurs_d1_air-, $_wf_finminikurs_restart_2, newfinlvl2019_base_go, nys4$students_go
            [ip4] => 127.0.0.1
            [fields] => Array
                (
                    [open_email_status] => ||Active||
                )

        )

    [seriesid] => 100
)

1 2019-02-01 09:31:40
Array
(
    [key] => 3700
    [secret] => kcqrjwm
    [email] => nikolaenko.t@gmail.com
    [contact] => Array
        (
            [id] => 46068
            [email] => nikolaenko.t@gmail.com
            [first_name] => Taras
            [last_name] => 
            [phone] => 0672236025
            [orgname] => 
            [tags] => {money_kurs_AT_2-5_fbbot}, $_kurs_pr_3, $_kurs_pr_1, $_kurs_pr_2, $_kurs_pr_0_new, $_bonus_open, $_wf_finminikurs_reg, $_wf_finminikurs_d2_air-, $_wf_finminikurs_d3_air-, $_wf_finminikurs_d1_air-, $_wf_finminikurs_restart_2, newfinlvl2019_base_go, nys4$students_go
            [ip4] => 127.0.0.1
            [fields] => Array
                (
                    [open_email_status] => ||Active||
                )

        )

    [seriesid] => 100
)

1 2019-02-01 09:31:41
Array
(
    [key] => 3701
    [secret] => buvpdwv
    [email] => nikolaenko.t@gmail.com
    [contact] => Array
        (
            [id] => 46068
            [email] => nikolaenko.t@gmail.com
            [first_name] => Taras
            [last_name] => 
            [phone] => 0672236025
            [orgname] => 
            [tags] => {money_kurs_AT_2-5_fbbot}, $_kurs_pr_3, $_kurs_pr_1, $_kurs_pr_2, $_kurs_pr_0_new, $_bonus_open, $_wf_finminikurs_reg, $_wf_finminikurs_d2_air-, $_wf_finminikurs_d3_air-, $_wf_finminikurs_d1_air-, $_wf_finminikurs_restart_2, newfinlvl2019_base_go, nys4$students_go
            [ip4] => 127.0.0.1
            [fields] => Array
                (
                    [open_email_status] => ||Active||
                )

        )

    [seriesid] => 100
)

1 2019-02-01 09:31:42
Array
(
    [key] => 3702
    [secret] => huufren
    [email] => nikolaenko.t@gmail.com
    [contact] => Array
        (
            [id] => 46068
            [email] => nikolaenko.t@gmail.com
            [first_name] => Taras
            [last_name] => 
            [phone] => 0672236025
            [orgname] => 
            [tags] => {money_kurs_AT_2-5_fbbot}, $_kurs_pr_3, $_kurs_pr_1, $_kurs_pr_2, $_kurs_pr_0_new, $_bonus_open, $_wf_finminikurs_reg, $_wf_finminikurs_d2_air-, $_wf_finminikurs_d3_air-, $_wf_finminikurs_d1_air-, $_wf_finminikurs_restart_2, newfinlvl2019_base_go, nys4$students_go
            [ip4] => 127.0.0.1
            [fields] => Array
                (
                    [open_email_status] => ||Active||
                )

        )

    [seriesid] => 100
)

1 2019-02-04 09:14:24
Array
(
    [key] => 4154
    [secret] => dxvbhlh
    [email] => and.sirotkin@gmail.com
    [contact] => Array
        (
            [id] => 34015
            [email] => and.sirotkin@gmail.com
            [first_name] => andrey
            [last_name] => 
            [phone] => 0683562985
            [orgname] => 
            [tags] => {money_kurs_AT_2-5_fbbot}, $_bonus_open, nys4$students_go
            [ip4] => 127.0.0.1
            [fields] => Array
                (
                    [open_email_status] => ||Active||
                )

        )

    [seriesid] => 106
)

1 2019-02-05 04:52:59
Array
(
    [key] => 3030
    [secret] => ioncjgz
    [email] => omelnyk1980@gmail.com
    [contact] => Array
        (
            [id] => 42956
            [email] => omelnyk1980@gmail.com
            [first_name] => Оксана Мельник
            [last_name] => 
            [phone] => 380678973199
            [orgname] => 
            [tags] => $_kurs_pr_1, $_kurs_pr_0_new, $_kurs_pr_final, $_kurs_+1_paid_testtag, $_kurs_+1_end, $_ent_0818, $_ent, ent_start, newfinlvl2019_base_go, nys4$students_go
            [ip4] => 127.0.0.1
            [fields] => Array
                (
                    [open_email_status] => ||Active||
                )

        )

    [seriesid] => 100
)

1 2019-02-05 04:53:00
Array
(
    [key] => 4031
    [secret] => qbqteqk
    [email] => omelnyk1980@gmail.com
    [contact] => Array
        (
            [id] => 42956
            [email] => omelnyk1980@gmail.com
            [first_name] => Оксана Мельник
            [last_name] => 
            [phone] => 380678973199
            [orgname] => 
            [tags] => $_kurs_pr_1, $_kurs_pr_0_new, $_kurs_pr_final, $_kurs_+1_paid_testtag, $_kurs_+1_end, $_ent_0818, $_ent, ent_start, newfinlvl2019_base_go, nys4$students_go
            [ip4] => 127.0.0.1
            [fields] => Array
                (
                    [open_email_status] => ||Active||
                )

        )

    [seriesid] => 100
)

1 2019-02-05 04:53:01
Array
(
    [key] => 3700
    [secret] => kcqrjwm
    [email] => omelnyk1980@gmail.com
    [contact] => Array
        (
            [id] => 42956
            [email] => omelnyk1980@gmail.com
            [first_name] => Оксана Мельник
            [last_name] => 
            [phone] => 380678973199
            [orgname] => 
            [tags] => $_kurs_pr_1, $_kurs_pr_0_new, $_kurs_pr_final, $_kurs_+1_paid_testtag, $_kurs_+1_end, $_ent_0818, $_ent, ent_start, newfinlvl2019_base_go, nys4$students_go
            [ip4] => 127.0.0.1
            [fields] => Array
                (
                    [open_email_status] => ||Active||
                )

        )

    [seriesid] => 100
)

1 2019-02-06 23:29:42
Array
(
    [key] => 4030
    [secret] => hbnbcoq
    [email] => maksym.dergachov@gmail.com
    [contact] => Array
        (
            [id] => 47285
            [email] => maksym.dergachov@gmail.com
            [first_name] => Макс
            [last_name] => Дергачев
            [phone] => 0991739121
            [orgname] => 
            [tags] => {money_kurs_AT_2-5_fbbot}, $_kurs_pr_4_lfp, $_kurs_pr_4_ub, $_kurs_pr_4_sost, $_kurs_pr_5_inv, $_kurs_pr_3, $_kurs_pr_1, $_kurs_pr_2, $_kurs_pr_0_new, $_kurs_pr_4_sost_end, $_kurs_pr_4_ub_end, $_kurs_pr_5_sotr, $_kurs_pr_5_inv_end, $_kurs_pr_4_lfp_end, $_kurs_pr_5_sotr_end, $_bonus_open, $_wf_finminikurs_reg, $_wf_finminikurs_d2_air-, $_wf_finminikurs_d3_air-, $_wf_finminikurs_d1_air-, $_wf_lead, $_wf_finminikurs_restart_2, newfinlvl2019_base_go, nys4$students_go
            [ip4] => 127.0.0.1
            [fields] => Array
                (
                    [open_email_status] => ||Active||
                )

        )

    [seriesid] => 105
)

1 2019-02-07 05:42:21
Array
(
    [key] => 4030
    [secret] => hbnbcoq
    [email] => pavlov.danil.dp@gmail.com
    [contact] => Array
        (
            [id] => 45661
            [email] => pavlov.danil.dp@gmail.com
            [first_name] => Даниил
            [last_name] => 
            [phone] => 79852884095
            [orgname] => 
            [tags] => $_kurs_pr_4_lfp, $_kurs_pr_4_ub, $_kurs_pr_4_sost, $_kurs_pr_5_inv, $_kurs_pr_3, $_kurs_pr_1, $_kurs_pr_2, $_kurs_pr_0_new, $_kurs_pr_4_sost_end, $_kurs_pr_4_ub_end, $_kurs_pr_5_fl, $_kurs_pr_5_inv_end, $_kurs_pr_4_lfp_end, $_kurs_pr_5_fl_end, $_kurs_+1_go, $_bonus_open, $_wf_finminikurs_d2_air-, $_wf_finminikurs_d3_air-, $_wf_finminikurs_d1_air-, $_wf_finminikurs_rp, $_wf_finminikurs_restart_2, newfinlvl2019_base_go, nys4$students_go, fh_em_1
            [ip4] => 127.0.0.1
            [fields] => Array
                (
                    [open_email_status] => ||Active||
                )

        )

    [seriesid] => 103
)
