test

1 2019-01-27 16:29:19
Array
(
    [key] => 3752
    [secret] => glsfbgc
    [contact] => Array
        (
            [id] => 48137
            [email] => innetiad5@gmail.com
            [first_name] => Serhii
            [last_name] => Inneti
            [phone] => 0968876888
            [orgname] => 
            [tags] => test_test1
            [ip4] => 0.0.0.0
            [fields] => Array
                (
                    [moneyplus1] => 
                    [open_email_status] => ||Active||
                    [test_field] => 
                )

        )

    [seriesid] => 168
)

1 2019-01-27 16:32:18
Array
(
    [key] => 3752
    [secret] => glsfbgc
    [email] => innetiad5@gmail.com
    [first_name] => Serhii.Test3
    [PHPSESSID] => 2vtg8veloukvaku09a2e5vqpp6
    [_ym_uid] => 1547599841262456000
    [_ym_d] => 1547599841
    [user_id] => 34cef131198bcedf1bf09e9d46f23b97
    [_ga] => GA1.2.1612136911.1547599917
    [mp_b3bceeaef2d18a9295b101fb687bc3cd_mixpanel] => {"distinct_id": "168542383a643-079385f26a4ac4-5d1f3b1c-15f900-168542383a71fc","$device_id": "168542383a643-079385f26a4ac4-5d1f3b1c-15f900-168542383a71fc","$initial_referrer": "http://pages.polza.com/","$initial_referring_domain": "pages.polza.com"}
    [_hp2_id_2346753436] => {"userId":"8709936650140400","pageviewId":"5826959828038648","sessionId":"3313744408786022","identity":null,"trackerVersion":"4.0"}
    [user] => 1
)

1 2019-01-28 04:35:12
Array
(
    [key] => 3752
    [secret] => glsfbgc
    [contact] => Array
        (
            [id] => 48137
            [email] => innetiad5@gmail.com
            [first_name] => Serhii
            [last_name] => Inneti
            [phone] => 0936888668
            [orgname] => 
            [tags] => test_test1
            [ip4] => 0.0.0.0
            [fields] => Array
                (
                    [moneyplus1] => 
                    [open_email_status] => ||Active||
                    [test_field] => 
                )

        )

    [seriesid] => 168
)

1 2019-01-29 09:46:02
Array
(
)
